{"logTime": "1106/161944", "correlationVector":"rxaHqBulQWxDNf0IrSyRkF.2","action":"Commit Response", "result":"SYNCER_OK", "context":Result: SYNCER_OK. cV=rxaHqBulQWxDNf0IrSyRkF.0;server=GENERAL01000003;cloudType=Consumer;environment=Prod_SoutheastAsia_000j;migrationStage=NotStarted}
{"logTime": "1106/162106", "correlationVector":"UZhVJq7UIwfxMmLvI/rEYp","action":"Commit Request", "result":"", "context":Item count: 1
Contributing types: Sessions}
{"logTime": "1106/162107", "correlationVector":"UZhVJq7UIwfxMmLvI/rEYp.1","action":"SyncServerConnectionManagerRequest", "result":"SYNC_SERVER_OK", "context":{"environment":"Prod_SoutheastAsia_000j", "migrationStage":"NotStarted", "server":"GENERAL01000000"}}
{"logTime": "1106/162107", "correlationVector":"UZhVJq7UIwfxMmLvI/rEYp.2","action":"Commit Response", "result":"SYNCER_OK", "context":Result: SYNCER_OK. cV=UZhVJq7UIwfxMmLvI/rEYp.0;server=GENERAL01000000;cloudType=Consumer;environment=Prod_SoutheastAsia_000j;migrationStage=NotStarted}
{"logTime": "1106/162159", "correlationVector":"izfaCNWkJ12xkv0PN+9KQJ","action":"Commit Request", "result":"", "context":Item count: 1
Contributing types: Sessions}
{"logTime": "1106/162200", "correlationVector":"izfaCNWkJ12xkv0PN+9KQJ.1","action":"SyncServerConnectionManagerRequest", "result":"SYNC_SERVER_OK", "context":{"environment":"Prod_SoutheastAsia_000j", "migrationStage":"NotStarted", "server":"GENERAL0100000N"}}
{"logTime": "1106/162200", "correlationVector":"izfaCNWkJ12xkv0PN+9KQJ.2","action":"Commit Response", "result":"SYNCER_OK", "context":Result: SYNCER_OK. cV=izfaCNWkJ12xkv0PN+9KQJ.0;server=GENERAL0100000N;cloudType=Consumer;environment=Prod_SoutheastAsia_000j;migrationStage=NotStarted}
{"logTime": "1106/162310", "correlationVector":"7ywJ6kGoO1Eo9fGvnOBL8O","action":"Commit Request", "result":"", "context":Item count: 1
Contributing types: Sessions}
{"logTime": "1106/162312", "correlationVector":"7ywJ6kGoO1Eo9fGvnOBL8O.1","action":"SyncServerConnectionManagerRequest", "result":"SYNC_SERVER_OK", "context":{"environment":"Prod_SoutheastAsia_000j", "migrationStage":"NotStarted", "server":"GENERAL0100000H"}}
{"logTime": "1106/162312", "correlationVector":"7ywJ6kGoO1Eo9fGvnOBL8O.2","action":"Commit Response", "result":"SYNCER_OK", "context":Result: SYNCER_OK. cV=7ywJ6kGoO1Eo9fGvnOBL8O.0;server=GENERAL0100000H;cloudType=Consumer;environment=Prod_SoutheastAsia_000j;migrationStage=NotStarted}
{"logTime": "1106/162742", "correlationVector":"+hcZ0XXFHcnLJIPkM4nJ0X.0","action":"FeedSettingFetch_homeCloud", "result":"0", "context":{}}
{"logTime": "1106/162742", "correlationVector":"D/tjVvyzkJuM5dBNU002my.1","action":"SyncServerConnectionManagerRequest", "result":"SYNC_SERVER_OK", "context":{"environment":"Prod_EastAsia_000d", "migrationStage":"NotStarted", "server":"GENERAL01000012"}}
{"logTime": "1106/162742", "correlationVector":"D/tjVvyzkJuM5dBNU002my","action":"Initial GetUpdates", "result":"", "context":Reason: NEW_CLIENT. cV=D/tjVvyzkJuM5dBNU002my}
{"logTime": "1106/162742", "correlationVector":"D/tjVvyzkJuM5dBNU002my.2","action":"GetUpdates Response", "result":"SYNCER_OK", "context":Received 1 update(s). cV=D/tjVvyzkJuM5dBNU002my.0;server=GENERAL01000012;cloudType=Consumer;environment=Prod_EastAsia_000d;migrationStage=NotStarted}
{"logTime": "1106/162742", "correlationVector":"ngi/Uwc5CU3G8PfYYHYlQO","action":"SyncServerConnectionManagerRequest", "result":"SYNC_SERVER_OK", "context":{"environment":"", "migrationStage":"", "server":""}}
{"logTime": "1106/162742", "correlationVector":"jLf3QMpSbsOLsFbxW66vKw","action":"Initial GetUpdates", "result":"", "context":Reason: NEWLY_SUPPORTED_DATATYPE. cV=jLf3QMpSbsOLsFbxW66vKw}
{"logTime": "1106/162742", "correlationVector":"jLf3QMpSbsOLsFbxW66vKw.1","action":"SyncServerConnectionManagerRequest", "result":"SYNC_SERVER_OK", "context":{"environment":"Prod_EastAsia_000d", "migrationStage":"NotStarted", "server":"GENERAL0100000P"}}
{"logTime": "1106/162742", "correlationVector":"jLf3QMpSbsOLsFbxW66vKw.2","action":"GetUpdates", "result":"DeleteReceived", "context":{"id":"3d753167-1966-426f-b637-2d5e5e6a82ca", "isDeleted:":"true", "version":"1678923151113"}}
{"logTime": "1106/162742", "correlationVector":"jLf3QMpSbsOLsFbxW66vKw.3","action":"GetUpdates", "result":"DeleteReceived", "context":{"id":"6b039f9a-739e-4e3a-ac57-f61ae1120b7c", "isDeleted:":"true", "version":"1679538965538"}}
{"logTime": "1106/162742", "correlationVector":"jLf3QMpSbsOLsFbxW66vKw.4","action":"GetUpdates", "result":"DeleteReceived", "context":{"id":"289b2288-2b1a-473d-96f8-5ac89a3c2375", "isDeleted:":"true", "version":"1680537286029"}}
{"logTime": "1106/162742", "correlationVector":"jLf3QMpSbsOLsFbxW66vKw.5","action":"GetUpdates", "result":"DeleteReceived", "context":{"id":"833ec966-87df-43d3-ac60-86fe37bd031d", "isDeleted:":"true", "version":"1680665488249"}}
{"logTime": "1106/162742", "correlationVector":"jLf3QMpSbsOLsFbxW66vKw.6","action":"GetUpdates", "result":"DeleteReceived", "context":{"id":"4d35e0dd-be59-4726-a76d-bef6a5cf006e", "isDeleted:":"true", "version":"1680665488250"}}
{"logTime": "1106/162742", "correlationVector":"jLf3QMpSbsOLsFbxW66vKw.7","action":"GetUpdates", "result":"DeleteReceived", "context":{"id":"b93d17e7-e6b4-47e1-85dc-d195c086293a", "isDeleted:":"true", "version":"1680889900330"}}
{"logTime": "1106/162742", "correlationVector":"jLf3QMpSbsOLsFbxW66vKw.8","action":"GetUpdates", "result":"DeleteReceived", "context":{"id":"5c8db14e-e4c2-4e13-91d1-b6bd0e2b7f7a", "isDeleted:":"true", "version":"1681220025105"}}
{"logTime": "1106/162742", "correlationVector":"jLf3QMpSbsOLsFbxW66vKw.9","action":"GetUpdates", "result":"DeleteReceived", "context":{"id":"44850686-5b43-4436-acbf-6690d59aeae4", "isDeleted:":"true", "version":"1688124270645"}}
{"logTime": "1106/162742", "correlationVector":"jLf3QMpSbsOLsFbxW66vKw.10","action":"GetUpdates", "result":"DeleteReceived", "context":{"id":"fc66ff2e-2ed5-443f-8877-3de601e25cc2", "isDeleted:":"true", "version":"1690713212603"}}
{"logTime": "1106/162742", "correlationVector":"jLf3QMpSbsOLsFbxW66vKw.11","action":"GetUpdates Response", "result":"SERVER_MORE_TO_DOWNLOAD", "context":Received 250 update(s).  Some updates remain.}
{"logTime": "1106/162742", "correlationVector":"nrbmnGqGmFIk/+P4lA3Z1E","action":"Initial GetUpdates", "result":"", "context":Reason: NEWLY_SUPPORTED_DATATYPE. cV=nrbmnGqGmFIk/+P4lA3Z1E}
{"logTime": "1106/162742", "correlationVector":"nrbmnGqGmFIk/+P4lA3Z1E.1","action":"SyncServerConnectionManagerRequest", "result":"SYNC_SERVER_OK", "context":{"environment":"Prod_EastAsia_000d", "migrationStage":"NotStarted", "server":"GENERAL0100001O"}}
{"logTime": "1106/162742", "correlationVector":"nrbmnGqGmFIk/+P4lA3Z1E.2","action":"GetUpdates", "result":"DeleteReceived", "context":{"id":"1a68d8a3-d297-4b2f-8426-6ffee006bf58", "isDeleted:":"true", "version":"1694759124328"}}
{"logTime": "1106/162742", "correlationVector":"nrbmnGqGmFIk/+P4lA3Z1E.3","action":"GetUpdates Response", "result":"SYNCER_OK", "context":Received 113 update(s). cV=nrbmnGqGmFIk/+P4lA3Z1E.0;server=GENERAL0100001O;cloudType=Consumer;environment=Prod_EastAsia_000d;migrationStage=NotStarted}
{"logTime": "1106/162743", "correlationVector":"Mxaf2VOWNS006doK1TQE2s","action":"Normal GetUpdate request", "result":"", "context":cV=Mxaf2VOWNS006doK1TQE2s
Nudged types: Sessions, User Consents
Refresh requested types: Bookmarks, Preferences, Passwords, Autofill Profiles, Autofill, Autofill Custom Data, Typed URLs, Extensions, Sessions, Extension settings, History Delete Directives, Device Info, User Consents, Send Tab To Self, Web Apps, Collection, Edge E Drop, Edge Hub App Usage, Edge Wallet, Encryption Keys}
{"logTime": "1106/162743", "correlationVector":"Mxaf2VOWNS006doK1TQE2s.1","action":"SyncServerConnectionManagerRequest", "result":"SYNC_SERVER_OK", "context":{"environment":"Prod_EastAsia_000d", "migrationStage":"NotStarted", "server":"GENERAL0100000M"}}
{"logTime": "1106/162743", "correlationVector":"Mxaf2VOWNS006doK1TQE2s.2","action":"GetUpdates", "result":"DeleteReceived", "context":{"id":"4e824fcf-5043-4a5c-9507-b66dcf558734", "isDeleted:":"true", "version":"1699287387207"}}
{"logTime": "1106/162743", "correlationVector":"Mxaf2VOWNS006doK1TQE2s.3","action":"GetUpdates", "result":"DeleteReceived", "context":{"id":"074d9805-f7ce-4ba9-ad56-7f461e07df38", "isDeleted:":"true", "version":"1699287426019"}}
{"logTime": "1106/162743", "correlationVector":"Mxaf2VOWNS006doK1TQE2s.4","action":"GetUpdates", "result":"DeleteReceived", "context":{"id":"720d9de6-a9b4-4275-af00-4d27dcdca5d8", "isDeleted:":"true", "version":"1699287671122"}}
{"logTime": "1106/162743", "correlationVector":"Mxaf2VOWNS006doK1TQE2s.5","action":"GetUpdates", "result":"DeleteReceived", "context":{"id":"b5202da8-d697-4bd1-96c3-35bb4ddebbc5", "isDeleted:":"true", "version":"1699287795580"}}
{"logTime": "1106/162743", "correlationVector":"Mxaf2VOWNS006doK1TQE2s.6","action":"GetUpdates Response", "result":"SYNCER_OK", "context":Received 8 update(s). cV=Mxaf2VOWNS006doK1TQE2s.0;server=GENERAL0100000M;cloudType=Consumer;environment=Prod_EastAsia_000d;migrationStage=NotStarted}
{"logTime": "1106/162743", "correlationVector":"5gWJkEagEe6H4jqfAcxMt1","action":"Commit Request", "result":"", "context":Item count: 4
Contributing types: Sessions, User Consents}
{"logTime": "1106/162743", "correlationVector":"5gWJkEagEe6H4jqfAcxMt1.1","action":"SyncServerConnectionManagerRequest", "result":"SYNC_SERVER_OK", "context":{"environment":"Prod_EastAsia_000d", "migrationStage":"NotStarted", "server":"GENERAL0100000M"}}
{"logTime": "1106/162743", "correlationVector":"5gWJkEagEe6H4jqfAcxMt1.3","action":"Commit.Sessions", "result":"Success", "context":{"id":"1ff5015f-7592-4e36-8da4-f7bc39e98252", "isDeleted":"true", "size":"0", "version":"1699287793048"}}
{"logTime": "1106/162743", "correlationVector":"5gWJkEagEe6H4jqfAcxMt1.2","action":"Commit Response", "result":"SYNCER_OK", "context":Result: SYNCER_OK. cV=5gWJkEagEe6H4jqfAcxMt1.0;server=GENERAL0100000M;cloudType=Consumer;environment=Prod_EastAsia_000d;migrationStage=NotStarted}
{"logTime": "1106/162806", "correlationVector":"B5HVvSqXB4vybIx5vu2khD","action":"Normal GetUpdate request", "result":"", "context":cV=B5HVvSqXB4vybIx5vu2khD
Nudged types: Sessions}
{"logTime": "1106/162807", "correlationVector":"B5HVvSqXB4vybIx5vu2khD.1","action":"SyncServerConnectionManagerRequest", "result":"SYNC_SERVER_OK", "context":{"environment":"Prod_SoutheastAsia_000j", "migrationStage":"NotStarted", "server":"GENERAL0100000T"}}
{"logTime": "1106/162807", "correlationVector":"B5HVvSqXB4vybIx5vu2khD.2","action":"GetUpdates", "result":"DeleteReceived", "context":{"id":"1ff5015f-7592-4e36-8da4-f7bc39e98252", "isDeleted:":"true", "version":"1699288057222"}}
{"logTime": "1106/162807", "correlationVector":"B5HVvSqXB4vybIx5vu2khD.3","action":"GetUpdates Response", "result":"SYNCER_OK", "context":Received 5 update(s). cV=B5HVvSqXB4vybIx5vu2khD.0;server=GENERAL0100000T;cloudType=Consumer;environment=Prod_SoutheastAsia_000j;migrationStage=NotStarted}
{"logTime": "1106/162807", "correlationVector":"Jdeji9D9mv1Q6bC0btTiQV","action":"Commit Request", "result":"", "context":Item count: 1
Contributing types: Sessions}
{"logTime": "1106/162808", "correlationVector":"Jdeji9D9mv1Q6bC0btTiQV.1","action":"SyncServerConnectionManagerRequest", "result":"SYNC_SERVER_OK", "context":{"environment":"Prod_SoutheastAsia_000j", "migrationStage":"NotStarted", "server":"GENERAL0100000E"}}
{"logTime": "1106/162808", "correlationVector":"Jdeji9D9mv1Q6bC0btTiQV.2","action":"Commit Response", "result":"SYNCER_OK", "context":Result: SYNCER_OK. cV=Jdeji9D9mv1Q6bC0btTiQV.0;server=GENERAL0100000E;cloudType=Consumer;environment=Prod_SoutheastAsia_000j;migrationStage=NotStarted}
{"logTime": "1106/162952", "correlationVector":"ORY/EXgYHg53EmNN7+r7gr","action":"Commit Request", "result":"", "context":Item count: 1
Contributing types: Sessions}
{"logTime": "1106/163019", "correlationVector":"ORY/EXgYHg53EmNN7+r7gr","action":"SyncServerConnectionManagerRequest", "result":"CONNECTION_UNAVAILABLE", "context":{"error_type":"net_error_code", "error_value":"-100"}}
{"logTime": "1106/163019", "correlationVector":"b3/+RdTKEKNbtC5EdQP+7G.0","action":"Commit Response", "result":"NETWORK_ERROR_TRANSPORT (ERR_CONNECTION_CLOSED)", "context":Result: NETWORK_ERROR_TRANSPORT (ERR_CONNECTION_CLOSED). }
{"logTime": "1106/163104", "correlationVector":"42OMoPwsp6Kvf8D8GqL5MC","action":"Commit Request", "result":"", "context":Item count: 20
Contributing types: Passwords}
{"logTime": "1106/163106", "correlationVector":"42OMoPwsp6Kvf8D8GqL5MC.1","action":"SyncServerConnectionManagerRequest", "result":"SYNC_SERVER_OK", "context":{"environment":"Prod_SoutheastAsia_000j", "migrationStage":"NotStarted", "server":"GENERAL01000005"}}
{"logTime": "1106/163106", "correlationVector":"42OMoPwsp6Kvf8D8GqL5MC.2","action":"Commit Response", "result":"SYNCER_OK", "context":Result: SYNCER_OK. cV=42OMoPwsp6Kvf8D8GqL5MC.0;server=GENERAL01000005;cloudType=Consumer;environment=Prod_SoutheastAsia_000j;migrationStage=NotStarted}
{"logTime": "1106/163106", "correlationVector":"WN+R8xsusd5Y8IbNN4x8zz","action":"Commit Request", "result":"", "context":Item count: 20
Contributing types: Passwords}
{"logTime": "1106/163109", "correlationVector":"WN+R8xsusd5Y8IbNN4x8zz.1","action":"SyncServerConnectionManagerRequest", "result":"SYNC_SERVER_OK", "context":{"environment":"Prod_SoutheastAsia_000j", "migrationStage":"NotStarted", "server":"GENERAL0100001H"}}
{"logTime": "1106/163109", "correlationVector":"WN+R8xsusd5Y8IbNN4x8zz.2","action":"Commit Response", "result":"SYNCER_OK", "context":Result: SYNCER_OK. cV=WN+R8xsusd5Y8IbNN4x8zz.0;server=GENERAL0100001H;cloudType=Consumer;environment=Prod_SoutheastAsia_000j;migrationStage=NotStarted}
{"logTime": "1106/163109", "correlationVector":"xDi7nwKmMpBRMfuWTX5nCr","action":"Commit Request", "result":"", "context":Item count: 20
Contributing types: Passwords}
{"logTime": "1106/163111", "correlationVector":"xDi7nwKmMpBRMfuWTX5nCr.1","action":"SyncServerConnectionManagerRequest", "result":"SYNC_SERVER_OK", "context":{"environment":"Prod_SoutheastAsia_000j", "migrationStage":"NotStarted", "server":"GENERAL0100000E"}}
{"logTime": "1106/163111", "correlationVector":"xDi7nwKmMpBRMfuWTX5nCr.2","action":"Commit Response", "result":"SYNCER_OK", "context":Result: SYNCER_OK. cV=xDi7nwKmMpBRMfuWTX5nCr.0;server=GENERAL0100000E;cloudType=Consumer;environment=Prod_SoutheastAsia_000j;migrationStage=NotStarted}
{"logTime": "1106/163111", "correlationVector":"8yuK8mvTk1KFXmeVfmChMq","action":"Commit Request", "result":"", "context":Item count: 20
Contributing types: Passwords}
{"logTime": "1106/163114", "correlationVector":"8yuK8mvTk1KFXmeVfmChMq.1","action":"SyncServerConnectionManagerRequest", "result":"SYNC_SERVER_OK", "context":{"environment":"Prod_SoutheastAsia_000j", "migrationStage":"NotStarted", "server":"GENERAL0100001B"}}
{"logTime": "1106/163114", "correlationVector":"8yuK8mvTk1KFXmeVfmChMq.2","action":"Commit Response", "result":"SYNCER_OK", "context":Result: SYNCER_OK. cV=8yuK8mvTk1KFXmeVfmChMq.0;server=GENERAL0100001B;cloudType=Consumer;environment=Prod_SoutheastAsia_000j;migrationStage=NotStarted}
{"logTime": "1106/163114", "correlationVector":"2R+Nwhez14G71lYqpVQzm6","action":"Commit Request", "result":"", "context":Item count: 9
Contributing types: Passwords}
{"logTime": "1106/163115", "correlationVector":"2R+Nwhez14G71lYqpVQzm6.1","action":"SyncServerConnectionManagerRequest", "result":"SYNC_SERVER_OK", "context":{"environment":"Prod_SoutheastAsia_000j", "migrationStage":"NotStarted", "server":"GENERAL0100001E"}}
{"logTime": "1106/163115", "correlationVector":"2R+Nwhez14G71lYqpVQzm6.2","action":"Commit Response", "result":"SYNCER_OK", "context":Result: SYNCER_OK. cV=2R+Nwhez14G71lYqpVQzm6.0;server=GENERAL0100001E;cloudType=Consumer;environment=Prod_SoutheastAsia_000j;migrationStage=NotStarted}
{"logTime": "1106/163115", "correlationVector":"oNCfeml+TBUclBjzJNqh/z","action":"Commit Request", "result":"", "context":Item count: 2
Contributing types: Preferences, Sessions}
{"logTime": "1106/163116", "correlationVector":"oNCfeml+TBUclBjzJNqh/z.1","action":"SyncServerConnectionManagerRequest", "result":"SYNC_SERVER_OK", "context":{"environment":"Prod_SoutheastAsia_000j", "migrationStage":"NotStarted", "server":"GENERAL01000010"}}
{"logTime": "1106/163116", "correlationVector":"oNCfeml+TBUclBjzJNqh/z.2","action":"Commit Response", "result":"SYNCER_OK", "context":Result: SYNCER_OK. cV=oNCfeml+TBUclBjzJNqh/z.0;server=GENERAL01000010;cloudType=Consumer;environment=Prod_SoutheastAsia_000j;migrationStage=NotStarted}
{"logTime": "1106/163149", "correlationVector":"T3kttWjXU+R6i+Vl1+03zG","action":"Commit Request", "result":"", "context":Item count: 1
Contributing types: Sessions}
{"logTime": "1106/163149", "correlationVector":"T3kttWjXU+R6i+Vl1+03zG.1","action":"SyncServerConnectionManagerRequest", "result":"SYNC_SERVER_OK", "context":{"environment":"Prod_SoutheastAsia_000j", "migrationStage":"NotStarted", "server":"GENERAL01000016"}}
{"logTime": "1106/163149", "correlationVector":"T3kttWjXU+R6i+Vl1+03zG.2","action":"Commit Response", "result":"SYNCER_OK", "context":Result: SYNCER_OK. cV=T3kttWjXU+R6i+Vl1+03zG.0;server=GENERAL01000016;cloudType=Consumer;environment=Prod_SoutheastAsia_000j;migrationStage=NotStarted}
{"logTime": "1106/163317", "correlationVector":"RbBFqMDLZzJyquBIb8ys0I","action":"Commit Request", "result":"", "context":Item count: 1
Contributing types: Sessions}
{"logTime": "1106/163318", "correlationVector":"RbBFqMDLZzJyquBIb8ys0I.1","action":"SyncServerConnectionManagerRequest", "result":"SYNC_SERVER_OK", "context":{"environment":"Prod_SoutheastAsia_000j", "migrationStage":"NotStarted", "server":"GENERAL0100001G"}}
{"logTime": "1106/163318", "correlationVector":"RbBFqMDLZzJyquBIb8ys0I.2","action":"Commit Response", "result":"SYNCER_OK", "context":Result: SYNCER_OK. cV=RbBFqMDLZzJyquBIb8ys0I.0;server=GENERAL0100001G;cloudType=Consumer;environment=Prod_SoutheastAsia_000j;migrationStage=NotStarted}
{"logTime": "1106/164633", "correlationVector":"sXNL/KlGYSyO97qHHbastt","action":"Commit Request", "result":"", "context":Item count: 1
Contributing types: Sessions}
{"logTime": "1106/164634", "correlationVector":"sXNL/KlGYSyO97qHHbastt.1","action":"SyncServerConnectionManagerRequest", "result":"SYNC_SERVER_OK", "context":{"environment":"Prod_EastAsia_000d", "migrationStage":"NotStarted", "server":"GENERAL0100000Z"}}
{"logTime": "1106/164634", "correlationVector":"sXNL/KlGYSyO97qHHbastt.2","action":"Commit Response", "result":"SYNCER_OK", "context":Result: SYNCER_OK. cV=sXNL/KlGYSyO97qHHbastt.0;server=GENERAL0100000Z;cloudType=Consumer;environment=Prod_EastAsia_000d;migrationStage=NotStarted}
{"logTime": "1106/164728", "correlationVector":"4T9nDMyoW1JCUg9nwpLI1H","action":"Commit Request", "result":"", "context":Item count: 1
Contributing types: Sessions}
{"logTime": "1106/164728", "correlationVector":"4T9nDMyoW1JCUg9nwpLI1H.1","action":"SyncServerConnectionManagerRequest", "result":"SYNC_SERVER_OK", "context":{"environment":"Prod_SoutheastAsia_000j", "migrationStage":"NotStarted", "server":"GENERAL01000010"}}
{"logTime": "1106/164728", "correlationVector":"4T9nDMyoW1JCUg9nwpLI1H.2","action":"Commit Response", "result":"SYNCER_OK", "context":Result: SYNCER_OK. cV=4T9nDMyoW1JCUg9nwpLI1H.0;server=GENERAL01000010;cloudType=Consumer;environment=Prod_SoutheastAsia_000j;migrationStage=NotStarted}
{"logTime": "1106/165507", "correlationVector":"X7sbT6+gTLFoD/NMN3tkRx","action":"Commit Request", "result":"", "context":Item count: 1
Contributing types: Sessions}
{"logTime": "1106/165508", "correlationVector":"X7sbT6+gTLFoD/NMN3tkRx.1","action":"SyncServerConnectionManagerRequest", "result":"SYNC_SERVER_OK", "context":{"environment":"Prod_SoutheastAsia_000j", "migrationStage":"NotStarted", "server":"GENERAL0100001C"}}
{"logTime": "1106/165508", "correlationVector":"X7sbT6+gTLFoD/NMN3tkRx.2","action":"Commit Response", "result":"SYNCER_OK", "context":Result: SYNCER_OK. cV=X7sbT6+gTLFoD/NMN3tkRx.0;server=GENERAL0100001C;cloudType=Consumer;environment=Prod_SoutheastAsia_000j;migrationStage=NotStarted}
{"logTime": "1106/165742", "correlationVector":"s7jI+EBANfnyK1KbtEyKad","action":"Commit Request", "result":"", "context":Item count: 1
Contributing types: Sessions}
{"logTime": "1106/165742", "correlationVector":"s7jI+EBANfnyK1KbtEyKad.1","action":"SyncServerConnectionManagerRequest", "result":"SYNC_SERVER_OK", "context":{"environment":"Prod_SoutheastAsia_000j", "migrationStage":"NotStarted", "server":"GENERAL0100000I"}}
{"logTime": "1106/165742", "correlationVector":"s7jI+EBANfnyK1KbtEyKad.2","action":"Commit Response", "result":"SYNCER_OK", "context":Result: SYNCER_OK. cV=s7jI+EBANfnyK1KbtEyKad.0;server=GENERAL0100000I;cloudType=Consumer;environment=Prod_SoutheastAsia_000j;migrationStage=NotStarted}
{"logTime": "1106/170403", "correlationVector":"sOVUstfdvLfEG/P2Jsu799","action":"Commit Request", "result":"", "context":Item count: 1
Contributing types: Sessions}
{"logTime": "1106/170404", "correlationVector":"sOVUstfdvLfEG/P2Jsu799.1","action":"SyncServerConnectionManagerRequest", "result":"SYNC_SERVER_OK", "context":{"environment":"Prod_SoutheastAsia_000j", "migrationStage":"NotStarted", "server":"GENERAL0100000N"}}
{"logTime": "1106/170404", "correlationVector":"sOVUstfdvLfEG/P2Jsu799.2","action":"Commit Response", "result":"SYNCER_OK", "context":Result: SYNCER_OK. cV=sOVUstfdvLfEG/P2Jsu799.0;server=GENERAL0100000N;cloudType=Consumer;environment=Prod_SoutheastAsia_000j;migrationStage=NotStarted}
{"logTime": "1106/170502", "correlationVector":"71w3dOllJtTuKNp1hMAReR","action":"Commit Request", "result":"", "context":Item count: 1
Contributing types: Sessions}
{"logTime": "1106/170502", "correlationVector":"71w3dOllJtTuKNp1hMAReR.1","action":"SyncServerConnectionManagerRequest", "result":"SYNC_SERVER_OK", "context":{"environment":"Prod_SoutheastAsia_000j", "migrationStage":"NotStarted", "server":"GENERAL0100000D"}}
{"logTime": "1106/170502", "correlationVector":"71w3dOllJtTuKNp1hMAReR.2","action":"Commit Response", "result":"SYNCER_OK", "context":Result: SYNCER_OK. cV=71w3dOllJtTuKNp1hMAReR.0;server=GENERAL0100000D;cloudType=Consumer;environment=Prod_SoutheastAsia_000j;migrationStage=NotStarted}
{"logTime": "1106/171029", "correlationVector":"kJlaaOB9ujOTNv4NEpPHcf","action":"Commit Request", "result":"", "context":Item count: 1
Contributing types: Sessions}
{"logTime": "1106/171030", "correlationVector":"kJlaaOB9ujOTNv4NEpPHcf.1","action":"SyncServerConnectionManagerRequest", "result":"SYNC_SERVER_OK", "context":{"environment":"Prod_SoutheastAsia_000j", "migrationStage":"NotStarted", "server":"GENERAL0100001E"}}
{"logTime": "1106/171030", "correlationVector":"kJlaaOB9ujOTNv4NEpPHcf.2","action":"Commit Response", "result":"SYNCER_OK", "context":Result: SYNCER_OK. cV=kJlaaOB9ujOTNv4NEpPHcf.0;server=GENERAL0100001E;cloudType=Consumer;environment=Prod_SoutheastAsia_000j;migrationStage=NotStarted}
{"logTime": "1106/171538", "correlationVector":"l87JZC98ZFT6ejuz9Thhzn","action":"Commit Request", "result":"", "context":Item count: 1
Contributing types: Sessions}
{"logTime": "1106/171540", "correlationVector":"l87JZC98ZFT6ejuz9Thhzn.1","action":"SyncServerConnectionManagerRequest", "result":"SYNC_SERVER_OK", "context":{"environment":"Prod_SoutheastAsia_000j", "migrationStage":"NotStarted", "server":"GENERAL0100001F"}}
{"logTime": "1106/171540", "correlationVector":"l87JZC98ZFT6ejuz9Thhzn.2","action":"Commit Response", "result":"SYNCER_OK", "context":Result: SYNCER_OK. cV=l87JZC98ZFT6ejuz9Thhzn.0;server=GENERAL0100001F;cloudType=Consumer;environment=Prod_SoutheastAsia_000j;migrationStage=NotStarted}
{"logTime": "1106/171658", "correlationVector":"V7puijpS2YAQoXkugyO0WQ","action":"Commit Request", "result":"", "context":Item count: 1
Contributing types: Sessions}
{"logTime": "1106/171659", "correlationVector":"V7puijpS2YAQoXkugyO0WQ.1","action":"SyncServerConnectionManagerRequest", "result":"SYNC_SERVER_OK", "context":{"environment":"Prod_SoutheastAsia_000j", "migrationStage":"NotStarted", "server":"GENERAL01000001"}}
{"logTime": "1106/171659", "correlationVector":"V7puijpS2YAQoXkugyO0WQ.2","action":"Commit Response", "result":"SYNCER_OK", "context":Result: SYNCER_OK. cV=V7puijpS2YAQoXkugyO0WQ.0;server=GENERAL01000001;cloudType=Consumer;environment=Prod_SoutheastAsia_000j;migrationStage=NotStarted}
{"logTime": "1106/171959", "correlationVector":"cYIUfQLHKsRaJ7kKo+hFM9","action":"Commit Request", "result":"", "context":Item count: 1
Contributing types: Sessions}
{"logTime": "1106/172000", "correlationVector":"cYIUfQLHKsRaJ7kKo+hFM9.1","action":"SyncServerConnectionManagerRequest", "result":"SYNC_SERVER_OK", "context":{"environment":"Prod_SoutheastAsia_000j", "migrationStage":"NotStarted", "server":"GENERAL0100001I"}}
{"logTime": "1106/172000", "correlationVector":"cYIUfQLHKsRaJ7kKo+hFM9.2","action":"Commit Response", "result":"SYNCER_OK", "context":Result: SYNCER_OK. cV=cYIUfQLHKsRaJ7kKo+hFM9.0;server=GENERAL0100001I;cloudType=Consumer;environment=Prod_SoutheastAsia_000j;migrationStage=NotStarted}
{"logTime": "1106/172115", "correlationVector":"oz/Qg2zda2DzxkQN94jEuQ","action":"Commit Request", "result":"", "context":Item count: 1
Contributing types: Sessions}
{"logTime": "1106/172116", "correlationVector":"oz/Qg2zda2DzxkQN94jEuQ.1","action":"SyncServerConnectionManagerRequest", "result":"SYNC_SERVER_OK", "context":{"environment":"Prod_SoutheastAsia_000j", "migrationStage":"NotStarted", "server":"GENERAL0100001A"}}
{"logTime": "1106/172116", "correlationVector":"oz/Qg2zda2DzxkQN94jEuQ.2","action":"Commit Response", "result":"SYNCER_OK", "context":Result: SYNCER_OK. cV=oz/Qg2zda2DzxkQN94jEuQ.0;server=GENERAL0100001A;cloudType=Consumer;environment=Prod_SoutheastAsia_000j;migrationStage=NotStarted}
{"logTime": "1106/172157", "correlationVector":"RP+p1Jwxr2KC7LlEK/0xGp","action":"Commit Request", "result":"", "context":Item count: 1
Contributing types: Sessions}
{"logTime": "1106/172158", "correlationVector":"RP+p1Jwxr2KC7LlEK/0xGp.1","action":"SyncServerConnectionManagerRequest", "result":"SYNC_SERVER_OK", "context":{"environment":"Prod_SoutheastAsia_000j", "migrationStage":"NotStarted", "server":"GENERAL0100001L"}}
{"logTime": "1106/172158", "correlationVector":"RP+p1Jwxr2KC7LlEK/0xGp.2","action":"Commit Response", "result":"SYNCER_OK", "context":Result: SYNCER_OK. cV=RP+p1Jwxr2KC7LlEK/0xGp.0;server=GENERAL0100001L;cloudType=Consumer;environment=Prod_SoutheastAsia_000j;migrationStage=NotStarted}
{"logTime": "1106/172548", "correlationVector":"2UhVHwWa6+WTR9vMfjQBKv","action":"Commit Request", "result":"", "context":Item count: 1
Contributing types: Sessions}
{"logTime": "1106/172549", "correlationVector":"2UhVHwWa6+WTR9vMfjQBKv.1","action":"SyncServerConnectionManagerRequest", "result":"SYNC_SERVER_OK", "context":{"environment":"Prod_SoutheastAsia_000j", "migrationStage":"NotStarted", "server":"GENERAL0100000Z"}}
{"logTime": "1106/172549", "correlationVector":"2UhVHwWa6+WTR9vMfjQBKv.2","action":"Commit Response", "result":"SYNCER_OK", "context":Result: SYNCER_OK. cV=2UhVHwWa6+WTR9vMfjQBKv.0;server=GENERAL0100000Z;cloudType=Consumer;environment=Prod_SoutheastAsia_000j;migrationStage=NotStarted}
{"logTime": "1106/172804", "correlationVector":"QrPybWHk+g2fPxIZnAy1Bz","action":"Commit Request", "result":"", "context":Item count: 1
Contributing types: Sessions}
{"logTime": "1106/172805", "correlationVector":"QrPybWHk+g2fPxIZnAy1Bz.1","action":"SyncServerConnectionManagerRequest", "result":"SYNC_SERVER_OK", "context":{"environment":"Prod_SoutheastAsia_000j", "migrationStage":"NotStarted", "server":"GENERAL01000014"}}
{"logTime": "1106/172805", "correlationVector":"QrPybWHk+g2fPxIZnAy1Bz.2","action":"Commit Response", "result":"SYNCER_OK", "context":Result: SYNCER_OK. cV=QrPybWHk+g2fPxIZnAy1Bz.0;server=GENERAL01000014;cloudType=Consumer;environment=Prod_SoutheastAsia_000j;migrationStage=NotStarted}
{"logTime": "1106/172905", "correlationVector":"V9ukQ/Rc9WLDdgxrPD4SoC","action":"Commit Request", "result":"", "context":Item count: 1
Contributing types: Sessions}
{"logTime": "1106/172906", "correlationVector":"V9ukQ/Rc9WLDdgxrPD4SoC.1","action":"SyncServerConnectionManagerRequest", "result":"SYNC_SERVER_OK", "context":{"environment":"Prod_SoutheastAsia_000j", "migrationStage":"NotStarted", "server":"GENERAL01000003"}}
{"logTime": "1106/172906", "correlationVector":"V9ukQ/Rc9WLDdgxrPD4SoC.2","action":"Commit Response", "result":"SYNCER_OK", "context":Result: SYNCER_OK. cV=V9ukQ/Rc9WLDdgxrPD4SoC.0;server=GENERAL01000003;cloudType=Consumer;environment=Prod_SoutheastAsia_000j;migrationStage=NotStarted}
{"logTime": "1106/172942", "correlationVector":"6GnGqv6rG3DaNqWQuqhenT","action":"Commit Request", "result":"", "context":Item count: 1
Contributing types: Sessions}
{"logTime": "1106/172943", "correlationVector":"6GnGqv6rG3DaNqWQuqhenT.1","action":"SyncServerConnectionManagerRequest", "result":"SYNC_SERVER_OK", "context":{"environment":"Prod_SoutheastAsia_000j", "migrationStage":"NotStarted", "server":"GENERAL01000019"}}
{"logTime": "1106/172943", "correlationVector":"6GnGqv6rG3DaNqWQuqhenT.2","action":"Commit Response", "result":"SYNCER_OK", "context":Result: SYNCER_OK. cV=6GnGqv6rG3DaNqWQuqhenT.0;server=GENERAL01000019;cloudType=Consumer;environment=Prod_SoutheastAsia_000j;migrationStage=NotStarted}
{"logTime": "1106/173019", "correlationVector":"0bM4qbwOVcLocEeC4juSYC","action":"Commit Request", "result":"", "context":Item count: 1
Contributing types: Sessions}
{"logTime": "1106/173020", "correlationVector":"0bM4qbwOVcLocEeC4juSYC.1","action":"SyncServerConnectionManagerRequest", "result":"SYNC_SERVER_OK", "context":{"environment":"Prod_SoutheastAsia_000j", "migrationStage":"NotStarted", "server":"GENERAL01000018"}}
{"logTime": "1106/173020", "correlationVector":"0bM4qbwOVcLocEeC4juSYC.2","action":"Commit Response", "result":"SYNCER_OK", "context":Result: SYNCER_OK. cV=0bM4qbwOVcLocEeC4juSYC.0;server=GENERAL01000018;cloudType=Consumer;environment=Prod_SoutheastAsia_000j;migrationStage=NotStarted}
{"logTime": "1106/173152", "correlationVector":"hfw6AlLveQmLQLSQzlKWy7","action":"Commit Request", "result":"", "context":Item count: 1
Contributing types: Sessions}
{"logTime": "1106/173152", "correlationVector":"hfw6AlLveQmLQLSQzlKWy7.1","action":"SyncServerConnectionManagerRequest", "result":"SYNC_SERVER_OK", "context":{"environment":"Prod_SoutheastAsia_000j", "migrationStage":"NotStarted", "server":"GENERAL0100000S"}}
{"logTime": "1106/173152", "correlationVector":"hfw6AlLveQmLQLSQzlKWy7.2","action":"Commit Response", "result":"SYNCER_OK", "context":Result: SYNCER_OK. cV=hfw6AlLveQmLQLSQzlKWy7.0;server=GENERAL0100000S;cloudType=Consumer;environment=Prod_SoutheastAsia_000j;migrationStage=NotStarted}
{"logTime": "1106/173709", "correlationVector":"kJRvzKa/HO9TJrPb1s6o/A.0","action":"FeedSettingFetch_homeCloud", "result":"0", "context":{}}
{"logTime": "1106/173709", "correlationVector":"AD1nrw5JJ3K5eiYR24D/2j.1","action":"SyncServerConnectionManagerRequest", "result":"SYNC_SERVER_OK", "context":{"environment":"Prod_SoutheastAsia_000j", "migrationStage":"NotStarted", "server":"GENERAL0100000W"}}
{"logTime": "1106/173709", "correlationVector":"AD1nrw5JJ3K5eiYR24D/2j","action":"Initial GetUpdates", "result":"", "context":Reason: NEW_CLIENT. cV=AD1nrw5JJ3K5eiYR24D/2j}
{"logTime": "1106/173709", "correlationVector":"AD1nrw5JJ3K5eiYR24D/2j.2","action":"GetUpdates Response", "result":"SYNCER_OK", "context":Received 1 update(s). cV=AD1nrw5JJ3K5eiYR24D/2j.0;server=GENERAL0100000W;cloudType=Consumer;environment=Prod_SoutheastAsia_000j;migrationStage=NotStarted}
{"logTime": "1106/173709", "correlationVector":"dsohBJsOy4rtttyu+Gpm5E","action":"SyncServerConnectionManagerRequest", "result":"SYNC_SERVER_OK", "context":{"environment":"", "migrationStage":"", "server":""}}
{"logTime": "1106/173709", "correlationVector":"pyCLpzkqwdb4uA3ENcF2ef","action":"Initial GetUpdates", "result":"", "context":Reason: NEWLY_SUPPORTED_DATATYPE. cV=pyCLpzkqwdb4uA3ENcF2ef}
{"logTime": "1106/173709", "correlationVector":"pyCLpzkqwdb4uA3ENcF2ef.1","action":"SyncServerConnectionManagerRequest", "result":"SYNC_SERVER_OK", "context":{"environment":"Prod_SoutheastAsia_000j", "migrationStage":"NotStarted", "server":"GENERAL0100000P"}}
{"logTime": "1106/173709", "correlationVector":"pyCLpzkqwdb4uA3ENcF2ef.2","action":"GetUpdates", "result":"DeleteReceived", "context":{"id":"3d753167-1966-426f-b637-2d5e5e6a82ca", "isDeleted:":"true", "version":"1678923151113"}}
{"logTime": "1106/173709", "correlationVector":"pyCLpzkqwdb4uA3ENcF2ef.3","action":"GetUpdates", "result":"DeleteReceived", "context":{"id":"6b039f9a-739e-4e3a-ac57-f61ae1120b7c", "isDeleted:":"true", "version":"1679538965538"}}
{"logTime": "1106/173709", "correlationVector":"pyCLpzkqwdb4uA3ENcF2ef.4","action":"GetUpdates", "result":"DeleteReceived", "context":{"id":"289b2288-2b1a-473d-96f8-5ac89a3c2375", "isDeleted:":"true", "version":"1680537286029"}}
{"logTime": "1106/173709", "correlationVector":"pyCLpzkqwdb4uA3ENcF2ef.5","action":"GetUpdates", "result":"DeleteReceived", "context":{"id":"833ec966-87df-43d3-ac60-86fe37bd031d", "isDeleted:":"true", "version":"1680665488249"}}
{"logTime": "1106/173709", "correlationVector":"pyCLpzkqwdb4uA3ENcF2ef.6","action":"GetUpdates", "result":"DeleteReceived", "context":{"id":"4d35e0dd-be59-4726-a76d-bef6a5cf006e", "isDeleted:":"true", "version":"1680665488250"}}
{"logTime": "1106/173709", "correlationVector":"pyCLpzkqwdb4uA3ENcF2ef.7","action":"GetUpdates", "result":"DeleteReceived", "context":{"id":"b93d17e7-e6b4-47e1-85dc-d195c086293a", "isDeleted:":"true", "version":"1680889900330"}}
{"logTime": "1106/173709", "correlationVector":"pyCLpzkqwdb4uA3ENcF2ef.8","action":"GetUpdates", "result":"DeleteReceived", "context":{"id":"5c8db14e-e4c2-4e13-91d1-b6bd0e2b7f7a", "isDeleted:":"true", "version":"1681220025105"}}
{"logTime": "1106/173709", "correlationVector":"pyCLpzkqwdb4uA3ENcF2ef.9","action":"GetUpdates", "result":"DeleteReceived", "context":{"id":"44850686-5b43-4436-acbf-6690d59aeae4", "isDeleted:":"true", "version":"1688124270645"}}
{"logTime": "1106/173709", "correlationVector":"pyCLpzkqwdb4uA3ENcF2ef.10","action":"GetUpdates", "result":"DeleteReceived", "context":{"id":"fc66ff2e-2ed5-443f-8877-3de601e25cc2", "isDeleted:":"true", "version":"1690713212603"}}
{"logTime": "1106/173709", "correlationVector":"pyCLpzkqwdb4uA3ENcF2ef.11","action":"GetUpdates", "result":"DeleteReceived", "context":{"id":"1a68d8a3-d297-4b2f-8426-6ffee006bf58", "isDeleted:":"true", "version":"1694759124328"}}
{"logTime": "1106/173709", "correlationVector":"pyCLpzkqwdb4uA3ENcF2ef.12","action":"GetUpdates Response", "result":"SERVER_MORE_TO_DOWNLOAD", "context":Received 250 update(s).  Some updates remain.}
{"logTime": "1106/173709", "correlationVector":"coR7hSl3PkZTjJ2h6boha/","action":"Initial GetUpdates", "result":"", "context":Reason: NEWLY_SUPPORTED_DATATYPE. cV=coR7hSl3PkZTjJ2h6boha/}
{"logTime": "1106/173709", "correlationVector":"coR7hSl3PkZTjJ2h6boha/.1","action":"SyncServerConnectionManagerRequest", "result":"SYNC_SERVER_OK", "context":{"environment":"Prod_SoutheastAsia_000j", "migrationStage":"NotStarted", "server":"GENERAL01000015"}}
{"logTime": "1106/173709", "correlationVector":"coR7hSl3PkZTjJ2h6boha/.2","action":"GetUpdates Response", "result":"SYNCER_OK", "context":Received 113 update(s). cV=coR7hSl3PkZTjJ2h6boha/.0;server=GENERAL01000015;cloudType=Consumer;environment=Prod_SoutheastAsia_000j;migrationStage=NotStarted}
{"logTime": "1106/173709", "correlationVector":"qe68k5seWnWBXJG9LF+cdo","action":"Normal GetUpdate request", "result":"", "context":cV=qe68k5seWnWBXJG9LF+cdo
Nudged types: Sessions, User Consents
Refresh requested types: Bookmarks, Preferences, Passwords, Autofill Profiles, Autofill, Autofill Custom Data, Typed URLs, Extensions, Sessions, Extension settings, History Delete Directives, Device Info, User Consents, Send Tab To Self, Web Apps, Collection, Edge E Drop, Edge Hub App Usage, Edge Wallet, Encryption Keys}
{"logTime": "1106/173710", "correlationVector":"qe68k5seWnWBXJG9LF+cdo.1","action":"SyncServerConnectionManagerRequest", "result":"SYNC_SERVER_OK", "context":{"environment":"Prod_SoutheastAsia_000j", "migrationStage":"NotStarted", "server":"GENERAL01000004"}}
{"logTime": "1106/173710", "correlationVector":"qe68k5seWnWBXJG9LF+cdo.2","action":"GetUpdates", "result":"DeleteReceived", "context":{"id":"cd5481b1-a81a-4aa0-94ac-8b229db54571", "isDeleted:":"true", "version":"1699288094484"}}
{"logTime": "1106/173710", "correlationVector":"qe68k5seWnWBXJG9LF+cdo.3","action":"GetUpdates", "result":"DeleteReceived", "context":{"id":"dbeb8c5c-e102-4ab8-b604-1e660a49a86e", "isDeleted:":"true", "version":"1699288280589"}}
{"logTime": "1106/173710", "correlationVector":"qe68k5seWnWBXJG9LF+cdo.4","action":"GetUpdates", "result":"DeleteReceived", "context":{"id":"848bac6b-a08d-4ce0-8f59-6a290d89d479", "isDeleted:":"true", "version":"1699288296091"}}
{"logTime": "1106/173710", "correlationVector":"qe68k5seWnWBXJG9LF+cdo.5","action":"GetUpdates", "result":"DeleteReceived", "context":{"id":"b66da66d-9cd0-42a7-ab1d-8209b95a02fb", "isDeleted:":"true", "version":"1699288401647"}}
{"logTime": "1106/173710", "correlationVector":"qe68k5seWnWBXJG9LF+cdo.6","action":"GetUpdates", "result":"DeleteReceived", "context":{"id":"1ba473db-259b-45aa-8c21-fb168ed5c359", "isDeleted:":"true", "version":"1699289197904"}}
{"logTime": "1106/173710", "correlationVector":"qe68k5seWnWBXJG9LF+cdo.7","action":"GetUpdates", "result":"DeleteReceived", "context":{"id":"b51d0576-9654-4e49-9b51-10708109a303", "isDeleted:":"true", "version":"1699289245714"}}
{"logTime": "1106/173710", "correlationVector":"qe68k5seWnWBXJG9LF+cdo.8","action":"GetUpdates", "result":"DeleteReceived", "context":{"id":"647696c0-134d-47b4-a6e4-e8f0dfeae0d5", "isDeleted:":"true", "version":"1699289703165"}}
{"logTime": "1106/173710", "correlationVector":"qe68k5seWnWBXJG9LF+cdo.9","action":"GetUpdates", "result":"DeleteReceived", "context":{"id":"cbf65894-2af3-4b41-a25b-06b75106667c", "isDeleted:":"true", "version":"1699289981462"}}
{"logTime": "1106/173710", "correlationVector":"qe68k5seWnWBXJG9LF+cdo.10","action":"GetUpdates", "result":"DeleteReceived", "context":{"id":"a5a55599-d8be-4e47-afac-409839caea35", "isDeleted:":"true", "version":"1699290237544"}}
{"logTime": "1106/173710", "correlationVector":"qe68k5seWnWBXJG9LF+cdo.11","action":"GetUpdates", "result":"DeleteReceived", "context":{"id":"2b006e16-b1e4-4658-8700-ff52abab47c1", "isDeleted:":"true", "version":"1699290306077"}}
{"logTime": "1106/173710", "correlationVector":"qe68k5seWnWBXJG9LF+cdo.12","action":"GetUpdates", "result":"DeleteReceived", "context":{"id":"5ec8d7a0-ee6b-44bb-a68f-e70ea72d9288", "isDeleted:":"true", "version":"1699290356998"}}
{"logTime": "1106/173710", "correlationVector":"qe68k5seWnWBXJG9LF+cdo.13","action":"GetUpdates", "result":"DeleteReceived", "context":{"id":"3a6dbf99-a760-4a49-ba2e-e9ab9ea2894c", "isDeleted:":"true", "version":"1699290634058"}}
{"logTime": "1106/173710", "correlationVector":"qe68k5seWnWBXJG9LF+cdo.14","action":"GetUpdates", "result":"DeleteReceived", "context":{"id":"d18084b5-e1b3-4820-a709-638810c9f98c", "isDeleted:":"true", "version":"1699290944041"}}
{"logTime": "1106/173710", "correlationVector":"qe68k5seWnWBXJG9LF+cdo.15","action":"GetUpdates", "result":"DeleteReceived", "context":{"id":"8b6a7a96-dd26-418b-963f-1e35427f835c", "isDeleted:":"true", "version":"1699291024096"}}
{"logTime": "1106/173710", "correlationVector":"qe68k5seWnWBXJG9LF+cdo.16","action":"GetUpdates", "result":"DeleteReceived", "context":{"id":"e497ccc3-fac8-4004-ad1c-2c3ade1870fe", "isDeleted:":"true", "version":"1699291196704"}}
{"logTime": "1106/173710", "correlationVector":"qe68k5seWnWBXJG9LF+cdo.17","action":"GetUpdates", "result":"DeleteReceived", "context":{"id":"6a9d631e-cfa0-4687-93fa-a44b41a9688d", "isDeleted:":"true", "version":"1699291279896"}}
{"logTime": "1106/173710", "correlationVector":"qe68k5seWnWBXJG9LF+cdo.18","action":"GetUpdates", "result":"DeleteReceived", "context":{"id":"cdee420d-629e-4618-bffa-e4aab952ddc8", "isDeleted:":"true", "version":"1699291321452"}}
{"logTime": "1106/173710", "correlationVector":"qe68k5seWnWBXJG9LF+cdo.19","action":"GetUpdates", "result":"DeleteReceived", "context":{"id":"2bfbf7f4-ebd1-46a1-8802-5f8f1777b6fb", "isDeleted:":"true", "version":"1699291553236"}}
{"logTime": "1106/173710", "correlationVector":"qe68k5seWnWBXJG9LF+cdo.20","action":"GetUpdates", "result":"DeleteReceived", "context":{"id":"b9df85d2-02c0-4904-9c18-483e20166df8", "isDeleted:":"true", "version":"1699291823954"}}
{"logTime": "1106/173710", "correlationVector":"qe68k5seWnWBXJG9LF+cdo.21","action":"GetUpdates", "result":"DeleteReceived", "context":{"id":"dfc2252e-292d-4f9c-923e-6ea06b56ab4b", "isDeleted:":"true", "version":"1699291891662"}}
{"logTime": "1106/173710", "correlationVector":"qe68k5seWnWBXJG9LF+cdo.22","action":"GetUpdates", "result":"DeleteReceived", "context":{"id":"4a7bda9d-bd7f-45b6-8bd9-d40378e625ba", "isDeleted:":"true", "version":"1699291915987"}}
{"logTime": "1106/173710", "correlationVector":"qe68k5seWnWBXJG9LF+cdo.23","action":"GetUpdates Response", "result":"SYNCER_OK", "context":Received 27 update(s). cV=qe68k5seWnWBXJG9LF+cdo.0;server=GENERAL01000004;cloudType=Consumer;environment=Prod_SoutheastAsia_000j;migrationStage=NotStarted}
{"logTime": "1106/173710", "correlationVector":"osEzv7LBVfio4xaCTvRPYU","action":"Commit Request", "result":"", "context":Item count: 4
Contributing types: Sessions, User Consents}
{"logTime": "1106/173710", "correlationVector":"osEzv7LBVfio4xaCTvRPYU.1","action":"SyncServerConnectionManagerRequest", "result":"SYNC_SERVER_OK", "context":{"environment":"Prod_SoutheastAsia_000j", "migrationStage":"NotStarted", "server":"GENERAL0100001J"}}
{"logTime": "1106/173710", "correlationVector":"osEzv7LBVfio4xaCTvRPYU.2","action":"Commit Response", "result":"SYNCER_OK", "context":Result: SYNCER_OK. cV=osEzv7LBVfio4xaCTvRPYU.0;server=GENERAL0100001J;cloudType=Consumer;environment=Prod_SoutheastAsia_000j;migrationStage=NotStarted}
{"logTime": "1106/173710", "correlationVector":"osEzv7LBVfio4xaCTvRPYU.3","action":"Commit.Sessions", "result":"Success", "context":{"id":"59563e5a-1892-43d5-b3b7-9978a76a08e6", "isDeleted":"true", "size":"0", "version":"1699291913747"}}
{"logTime": "1106/173737", "correlationVector":"atXDy2YdPMIlRECdsT5nUm","action":"Normal GetUpdate request", "result":"", "context":cV=atXDy2YdPMIlRECdsT5nUm
Nudged types: Sessions}
{"logTime": "1106/173738", "correlationVector":"atXDy2YdPMIlRECdsT5nUm.1","action":"SyncServerConnectionManagerRequest", "result":"SYNC_SERVER_OK", "context":{"environment":"Prod_SoutheastAsia_000j", "migrationStage":"NotStarted", "server":"GENERAL01000012"}}
{"logTime": "1106/173738", "correlationVector":"atXDy2YdPMIlRECdsT5nUm.2","action":"GetUpdates", "result":"DeleteReceived", "context":{"id":"59563e5a-1892-43d5-b3b7-9978a76a08e6", "isDeleted:":"true", "version":"1699292228678"}}
{"logTime": "1106/173738", "correlationVector":"atXDy2YdPMIlRECdsT5nUm.3","action":"GetUpdates Response", "result":"SYNCER_OK", "context":Received 3 update(s). cV=atXDy2YdPMIlRECdsT5nUm.0;server=GENERAL01000012;cloudType=Consumer;environment=Prod_SoutheastAsia_000j;migrationStage=NotStarted}
{"logTime": "1106/173738", "correlationVector":"mgaV3nnwOWwxgnHHWVL38j","action":"Commit Request", "result":"", "context":Item count: 1
Contributing types: Sessions}
{"logTime": "1106/173739", "correlationVector":"mgaV3nnwOWwxgnHHWVL38j.1","action":"SyncServerConnectionManagerRequest", "result":"SYNC_SERVER_OK", "context":{"environment":"Prod_SoutheastAsia_000j", "migrationStage":"NotStarted", "server":"GENERAL0100000S"}}
{"logTime": "1106/173739", "correlationVector":"mgaV3nnwOWwxgnHHWVL38j.2","action":"Commit Response", "result":"SYNCER_OK", "context":Result: SYNCER_OK. cV=mgaV3nnwOWwxgnHHWVL38j.0;server=GENERAL0100000S;cloudType=Consumer;environment=Prod_SoutheastAsia_000j;migrationStage=NotStarted}
{"logTime": "1106/173813", "correlationVector":"LhiawR5y1zSTIdHVSTBzz5","action":"Commit Request", "result":"", "context":Item count: 1
Contributing types: Preferences}
{"logTime": "1106/173814", "correlationVector":"LhiawR5y1zSTIdHVSTBzz5.1","action":"SyncServerConnectionManagerRequest", "result":"SYNC_SERVER_OK", "context":{"environment":"Prod_SoutheastAsia_000j", "migrationStage":"NotStarted", "server":"GENERAL0100000D"}}
{"logTime": "1106/173814", "correlationVector":"LhiawR5y1zSTIdHVSTBzz5.2","action":"Commit Response", "result":"SYNCER_OK", "context":Result: SYNCER_OK. cV=LhiawR5y1zSTIdHVSTBzz5.0;server=GENERAL0100000D;cloudType=Consumer;environment=Prod_SoutheastAsia_000j;migrationStage=NotStarted}
{"logTime": "1106/174015", "correlationVector":"o765QdXs81GoO/yKEvI+PM","action":"Commit Request", "result":"", "context":Item count: 1
Contributing types: Sessions}
{"logTime": "1106/174018", "correlationVector":"o765QdXs81GoO/yKEvI+PM.1","action":"SyncServerConnectionManagerRequest", "result":"SYNC_SERVER_OK", "context":{"environment":"Prod_SoutheastAsia_000j", "migrationStage":"NotStarted", "server":"GENERAL01000013"}}
{"logTime": "1106/174018", "correlationVector":"o765QdXs81GoO/yKEvI+PM.2","action":"Commit Response", "result":"SYNCER_OK", "context":Result: SYNCER_OK. cV=o765QdXs81GoO/yKEvI+PM.0;server=GENERAL01000013;cloudType=Consumer;environment=Prod_SoutheastAsia_000j;migrationStage=NotStarted}
{"logTime": "1106/174124", "correlationVector":"MqteB5LE0DtXxbzJpVvKnD","action":"Commit Request", "result":"", "context":Item count: 1
Contributing types: Sessions}
{"logTime": "1106/174125", "correlationVector":"MqteB5LE0DtXxbzJpVvKnD.1","action":"SyncServerConnectionManagerRequest", "result":"SYNC_SERVER_OK", "context":{"environment":"Prod_SoutheastAsia_000j", "migrationStage":"NotStarted", "server":"GENERAL01000010"}}
{"logTime": "1106/174125", "correlationVector":"MqteB5LE0DtXxbzJpVvKnD.2","action":"Commit Response", "result":"SYNCER_OK", "context":Result: SYNCER_OK. cV=MqteB5LE0DtXxbzJpVvKnD.0;server=GENERAL01000010;cloudType=Consumer;environment=Prod_SoutheastAsia_000j;migrationStage=NotStarted}
{"logTime": "1106/174213", "correlationVector":"lxhLXj/x9xAj8MjYwZsGmC","action":"Commit Request", "result":"", "context":Item count: 1
Contributing types: Sessions}
{"logTime": "1106/174213", "correlationVector":"lxhLXj/x9xAj8MjYwZsGmC.1","action":"SyncServerConnectionManagerRequest", "result":"SYNC_SERVER_OK", "context":{"environment":"Prod_SoutheastAsia_000j", "migrationStage":"NotStarted", "server":"GENERAL0100001K"}}
{"logTime": "1106/174213", "correlationVector":"lxhLXj/x9xAj8MjYwZsGmC.2","action":"Commit Response", "result":"SYNCER_OK", "context":Result: SYNCER_OK. cV=lxhLXj/x9xAj8MjYwZsGmC.0;server=GENERAL0100001K;cloudType=Consumer;environment=Prod_SoutheastAsia_000j;migrationStage=NotStarted}
{"logTime": "1106/174324", "correlationVector":"I3sMBmKWk4IDJtYRYCTSuG","action":"Commit Request", "result":"", "context":Item count: 1
Contributing types: Sessions}
{"logTime": "1106/174325", "correlationVector":"I3sMBmKWk4IDJtYRYCTSuG.1","action":"SyncServerConnectionManagerRequest", "result":"SYNC_SERVER_OK", "context":{"environment":"Prod_SoutheastAsia_000j", "migrationStage":"NotStarted", "server":"GENERAL01000003"}}
{"logTime": "1106/174325", "correlationVector":"I3sMBmKWk4IDJtYRYCTSuG.2","action":"Commit Response", "result":"SYNCER_OK", "context":Result: SYNCER_OK. cV=I3sMBmKWk4IDJtYRYCTSuG.0;server=GENERAL01000003;cloudType=Consumer;environment=Prod_SoutheastAsia_000j;migrationStage=NotStarted}
{"logTime": "1106/174446", "correlationVector":"1B44Fvz08c/5oYjfhY6cQr","action":"Commit Request", "result":"", "context":Item count: 1
Contributing types: Sessions}
{"logTime": "1106/174447", "correlationVector":"1B44Fvz08c/5oYjfhY6cQr.1","action":"SyncServerConnectionManagerRequest", "result":"SYNC_SERVER_OK", "context":{"environment":"Prod_SoutheastAsia_000j", "migrationStage":"NotStarted", "server":"GENERAL0100001I"}}
{"logTime": "1106/174447", "correlationVector":"1B44Fvz08c/5oYjfhY6cQr.2","action":"Commit Response", "result":"SYNCER_OK", "context":Result: SYNCER_OK. cV=1B44Fvz08c/5oYjfhY6cQr.0;server=GENERAL0100001I;cloudType=Consumer;environment=Prod_SoutheastAsia_000j;migrationStage=NotStarted}
{"logTime": "1106/174642", "correlationVector":"mi6B3BRwTbUUMVssD91f8O","action":"Commit Request", "result":"", "context":Item count: 1
Contributing types: Sessions}
{"logTime": "1106/174643", "correlationVector":"mi6B3BRwTbUUMVssD91f8O.1","action":"SyncServerConnectionManagerRequest", "result":"SYNC_SERVER_OK", "context":{"environment":"Prod_SoutheastAsia_000j", "migrationStage":"NotStarted", "server":"GENERAL0100001L"}}
{"logTime": "1106/174643", "correlationVector":"mi6B3BRwTbUUMVssD91f8O.2","action":"Commit Response", "result":"SYNCER_OK", "context":Result: SYNCER_OK. cV=mi6B3BRwTbUUMVssD91f8O.0;server=GENERAL0100001L;cloudType=Consumer;environment=Prod_SoutheastAsia_000j;migrationStage=NotStarted}
{"logTime": "1106/174728", "correlationVector":"pZNsHkgqqgXuecP91oS19v","action":"Commit Request", "result":"", "context":Item count: 1
Contributing types: Sessions}
{"logTime": "1106/174729", "correlationVector":"pZNsHkgqqgXuecP91oS19v.1","action":"SyncServerConnectionManagerRequest", "result":"SYNC_SERVER_OK", "context":{"environment":"Prod_SoutheastAsia_000j", "migrationStage":"NotStarted", "server":"GENERAL0100000Y"}}
{"logTime": "1106/174729", "correlationVector":"pZNsHkgqqgXuecP91oS19v.2","action":"Commit Response", "result":"SYNCER_OK", "context":Result: SYNCER_OK. cV=pZNsHkgqqgXuecP91oS19v.0;server=GENERAL0100000Y;cloudType=Consumer;environment=Prod_SoutheastAsia_000j;migrationStage=NotStarted}
{"logTime": "1106/181908", "correlationVector":"CLI71KvDQOLeqS+bIcOlE1.0","action":"FeedSettingFetch_homeCloud", "result":"0", "context":{}}
{"logTime": "1106/181908", "correlationVector":"rvcxmFbDfa31JNSXGmjRSk.1","action":"SyncServerConnectionManagerRequest", "result":"SYNC_SERVER_OK", "context":{"environment":"Prod_SoutheastAsia_000j", "migrationStage":"NotStarted", "server":"GENERAL0100001B"}}
{"logTime": "1106/181908", "correlationVector":"rvcxmFbDfa31JNSXGmjRSk","action":"Initial GetUpdates", "result":"", "context":Reason: NEW_CLIENT. cV=rvcxmFbDfa31JNSXGmjRSk}
{"logTime": "1106/181908", "correlationVector":"rvcxmFbDfa31JNSXGmjRSk.2","action":"GetUpdates Response", "result":"SYNCER_OK", "context":Received 1 update(s). cV=rvcxmFbDfa31JNSXGmjRSk.0;server=GENERAL0100001B;cloudType=Consumer;environment=Prod_SoutheastAsia_000j;migrationStage=NotStarted}
{"logTime": "1106/181908", "correlationVector":"bQNQI9AQsNMhy7d3bOZqeC","action":"Initial GetUpdates", "result":"", "context":Reason: NEWLY_SUPPORTED_DATATYPE. cV=bQNQI9AQsNMhy7d3bOZqeC}
{"logTime": "1106/181910", "correlationVector":"bQNQI9AQsNMhy7d3bOZqeC.1","action":"SyncServerConnectionManagerRequest", "result":"SYNC_SERVER_OK", "context":{"environment":"Prod_SoutheastAsia_000j", "migrationStage":"NotStarted", "server":"GENERAL0100000L"}}
{"logTime": "1106/181910", "correlationVector":"bQNQI9AQsNMhy7d3bOZqeC.2","action":"GetUpdates", "result":"DeleteReceived", "context":{"id":"3d753167-1966-426f-b637-2d5e5e6a82ca", "isDeleted:":"true", "version":"1678923151113"}}
{"logTime": "1106/181910", "correlationVector":"bQNQI9AQsNMhy7d3bOZqeC.3","action":"GetUpdates", "result":"DeleteReceived", "context":{"id":"6b039f9a-739e-4e3a-ac57-f61ae1120b7c", "isDeleted:":"true", "version":"1679538965538"}}
{"logTime": "1106/181910", "correlationVector":"bQNQI9AQsNMhy7d3bOZqeC.4","action":"GetUpdates", "result":"DeleteReceived", "context":{"id":"289b2288-2b1a-473d-96f8-5ac89a3c2375", "isDeleted:":"true", "version":"1680537286029"}}
{"logTime": "1106/181910", "correlationVector":"bQNQI9AQsNMhy7d3bOZqeC.5","action":"GetUpdates", "result":"DeleteReceived", "context":{"id":"833ec966-87df-43d3-ac60-86fe37bd031d", "isDeleted:":"true", "version":"1680665488249"}}
{"logTime": "1106/181910", "correlationVector":"bQNQI9AQsNMhy7d3bOZqeC.6","action":"GetUpdates", "result":"DeleteReceived", "context":{"id":"4d35e0dd-be59-4726-a76d-bef6a5cf006e", "isDeleted:":"true", "version":"1680665488250"}}
{"logTime": "1106/181910", "correlationVector":"bQNQI9AQsNMhy7d3bOZqeC.7","action":"GetUpdates", "result":"DeleteReceived", "context":{"id":"b93d17e7-e6b4-47e1-85dc-d195c086293a", "isDeleted:":"true", "version":"1680889900330"}}
{"logTime": "1106/181910", "correlationVector":"bQNQI9AQsNMhy7d3bOZqeC.8","action":"GetUpdates", "result":"DeleteReceived", "context":{"id":"5c8db14e-e4c2-4e13-91d1-b6bd0e2b7f7a", "isDeleted:":"true", "version":"1681220025105"}}
{"logTime": "1106/181910", "correlationVector":"bQNQI9AQsNMhy7d3bOZqeC.9","action":"GetUpdates", "result":"DeleteReceived", "context":{"id":"44850686-5b43-4436-acbf-6690d59aeae4", "isDeleted:":"true", "version":"1688124270645"}}
{"logTime": "1106/181910", "correlationVector":"bQNQI9AQsNMhy7d3bOZqeC.10","action":"GetUpdates", "result":"DeleteReceived", "context":{"id":"fc66ff2e-2ed5-443f-8877-3de601e25cc2", "isDeleted:":"true", "version":"1690713212603"}}
{"logTime": "1106/181910", "correlationVector":"bQNQI9AQsNMhy7d3bOZqeC.11","action":"GetUpdates", "result":"DeleteReceived", "context":{"id":"1a68d8a3-d297-4b2f-8426-6ffee006bf58", "isDeleted:":"true", "version":"1694759124328"}}
{"logTime": "1106/181910", "correlationVector":"bQNQI9AQsNMhy7d3bOZqeC.12","action":"GetUpdates Response", "result":"SERVER_MORE_TO_DOWNLOAD", "context":Received 250 update(s).  Some updates remain.}
{"logTime": "1106/181910", "correlationVector":"kXM3VELsaKFTkpEiScVscp","action":"Initial GetUpdates", "result":"", "context":Reason: NEWLY_SUPPORTED_DATATYPE. cV=kXM3VELsaKFTkpEiScVscp}
{"logTime": "1106/181912", "correlationVector":"kXM3VELsaKFTkpEiScVscp.1","action":"SyncServerConnectionManagerRequest", "result":"SYNC_SERVER_OK", "context":{"environment":"Prod_SoutheastAsia_000j", "migrationStage":"NotStarted", "server":"GENERAL01000013"}}
{"logTime": "1106/181912", "correlationVector":"kXM3VELsaKFTkpEiScVscp.2","action":"GetUpdates Response", "result":"SYNCER_OK", "context":Received 113 update(s). cV=kXM3VELsaKFTkpEiScVscp.0;server=GENERAL01000013;cloudType=Consumer;environment=Prod_SoutheastAsia_000j;migrationStage=NotStarted}
{"logTime": "1106/181913", "correlationVector":"lp8PWPl4rfNcsrptHAYs2o","action":"SyncServerConnectionManagerRequest", "result":"SYNC_SERVER_OK", "context":{"environment":"", "migrationStage":"", "server":""}}
{"logTime": "1106/181913", "correlationVector":"XY3raAOSaR37b5fV412gCh","action":"Normal GetUpdate request", "result":"", "context":cV=XY3raAOSaR37b5fV412gCh
Nudged types: Sessions, User Consents
Refresh requested types: Bookmarks, Preferences, Passwords, Autofill Profiles, Autofill, Autofill Custom Data, Typed URLs, Extensions, Sessions, Extension settings, History Delete Directives, Device Info, User Consents, Send Tab To Self, Web Apps, Collection, Edge E Drop, Edge Hub App Usage, Edge Wallet, Encryption Keys}
{"logTime": "1106/181915", "correlationVector":"XY3raAOSaR37b5fV412gCh.1","action":"SyncServerConnectionManagerRequest", "result":"SYNC_SERVER_OK", "context":{"environment":"Prod_SoutheastAsia_000j", "migrationStage":"NotStarted", "server":"GENERAL01000016"}}
{"logTime": "1106/181915", "correlationVector":"XY3raAOSaR37b5fV412gCh.2","action":"GetUpdates", "result":"DeleteReceived", "context":{"id":"447932b2-1a27-4b30-a1be-ddb283f2ae19", "isDeleted:":"true", "version":"1699292419270"}}
{"logTime": "1106/181915", "correlationVector":"XY3raAOSaR37b5fV412gCh.3","action":"GetUpdates", "result":"DeleteReceived", "context":{"id":"b194eea9-92e3-4896-b1ca-560dbbb8b94c", "isDeleted:":"true", "version":"1699292488106"}}
{"logTime": "1106/181915", "correlationVector":"XY3raAOSaR37b5fV412gCh.4","action":"GetUpdates", "result":"DeleteReceived", "context":{"id":"2e1268d2-3fc4-46ce-aa24-432630838d11", "isDeleted:":"true", "version":"1699292537071"}}
{"logTime": "1106/181915", "correlationVector":"XY3raAOSaR37b5fV412gCh.5","action":"GetUpdates", "result":"DeleteReceived", "context":{"id":"2addbebf-ddff-49df-9c34-e3123df653c5", "isDeleted:":"true", "version":"1699292612476"}}
{"logTime": "1106/181915", "correlationVector":"XY3raAOSaR37b5fV412gCh.6","action":"GetUpdates", "result":"DeleteReceived", "context":{"id":"20bdc084-a291-4642-a008-5a8e6d426611", "isDeleted:":"true", "version":"1699292691008"}}
{"logTime": "1106/181915", "correlationVector":"XY3raAOSaR37b5fV412gCh.7","action":"GetUpdates", "result":"DeleteReceived", "context":{"id":"6481407f-8502-4056-b427-cec2d71a6943", "isDeleted:":"true", "version":"1699292852366"}}
{"logTime": "1106/181915", "correlationVector":"XY3raAOSaR37b5fV412gCh.8","action":"GetUpdates", "result":"DeleteReceived", "context":{"id":"30664491-68f6-4cae-a50e-de4c6e8a6698", "isDeleted:":"true", "version":"1699293424045"}}
{"logTime": "1106/181915", "correlationVector":"XY3raAOSaR37b5fV412gCh.9","action":"GetUpdates Response", "result":"SYNCER_OK", "context":Received 11 update(s). cV=XY3raAOSaR37b5fV412gCh.0;server=GENERAL01000016;cloudType=Consumer;environment=Prod_SoutheastAsia_000j;migrationStage=NotStarted}
{"logTime": "1106/181915", "correlationVector":"/lJuLDNWlCTe2aqv1QUYhy","action":"Commit Request", "result":"", "context":Item count: 4
Contributing types: Sessions, User Consents}
{"logTime": "1106/181916", "correlationVector":"/lJuLDNWlCTe2aqv1QUYhy.1","action":"SyncServerConnectionManagerRequest", "result":"SYNC_SERVER_OK", "context":{"environment":"Prod_SoutheastAsia_000j", "migrationStage":"NotStarted", "server":"GENERAL01000017"}}
{"logTime": "1106/181916", "correlationVector":"/lJuLDNWlCTe2aqv1QUYhy.2","action":"Commit Response", "result":"SYNCER_OK", "context":Result: SYNCER_OK. cV=/lJuLDNWlCTe2aqv1QUYhy.0;server=GENERAL01000017;cloudType=Consumer;environment=Prod_SoutheastAsia_000j;migrationStage=NotStarted}
{"logTime": "1106/181916", "correlationVector":"/lJuLDNWlCTe2aqv1QUYhy.3","action":"Commit.Sessions", "result":"Success", "context":{"id":"7b33d55b-0a1b-4dd3-9d04-38cfb1c32a9d", "isDeleted":"true", "size":"0", "version":"1699292850104"}}
{"logTime": "1106/181916", "correlationVector":"CGJE39WKIK4ibeh95YtXoT","action":"Normal GetUpdate request", "result":"", "context":cV=CGJE39WKIK4ibeh95YtXoT
Nudged types: Sessions
Refresh requested types: Bookmarks, Preferences, Passwords, Autofill Profiles, Autofill, Autofill Custom Data, Typed URLs, Extensions, Sessions, Extension settings, History Delete Directives, Device Info, User Consents, Send Tab To Self, Web Apps, Collection, Edge E Drop, Edge Hub App Usage, Edge Wallet, Encryption Keys}
{"logTime": "1106/181917", "correlationVector":"CGJE39WKIK4ibeh95YtXoT.1","action":"SyncServerConnectionManagerRequest", "result":"SYNC_SERVER_OK", "context":{"environment":"Prod_SoutheastAsia_000j", "migrationStage":"NotStarted", "server":"GENERAL0100000J"}}
{"logTime": "1106/181917", "correlationVector":"CGJE39WKIK4ibeh95YtXoT.2","action":"GetUpdates", "result":"DeleteReceived", "context":{"id":"7b33d55b-0a1b-4dd3-9d04-38cfb1c32a9d", "isDeleted:":"true", "version":"1699294757256"}}
{"logTime": "1106/181917", "correlationVector":"CGJE39WKIK4ibeh95YtXoT.3","action":"GetUpdates Response", "result":"SYNCER_OK", "context":Received 3 update(s). cV=CGJE39WKIK4ibeh95YtXoT.0;server=GENERAL0100000J;cloudType=Consumer;environment=Prod_SoutheastAsia_000j;migrationStage=NotStarted}
{"logTime": "1106/182009", "correlationVector":"MHUypRYIjuVG8iw3PlBpTO","action":"Commit Request", "result":"", "context":Item count: 1
Contributing types: Preferences}
{"logTime": "1106/182010", "correlationVector":"MHUypRYIjuVG8iw3PlBpTO.1","action":"SyncServerConnectionManagerRequest", "result":"SYNC_SERVER_OK", "context":{"environment":"Prod_SoutheastAsia_000j", "migrationStage":"NotStarted", "server":"GENERAL01000001"}}
{"logTime": "1106/182010", "correlationVector":"MHUypRYIjuVG8iw3PlBpTO.2","action":"Commit Response", "result":"SYNCER_OK", "context":Result: SYNCER_OK. cV=MHUypRYIjuVG8iw3PlBpTO.0;server=GENERAL01000001;cloudType=Consumer;environment=Prod_SoutheastAsia_000j;migrationStage=NotStarted}
{"logTime": "1106/182517", "correlationVector":"yMHnGwJRl8bOtNRONg5MfK","action":"Commit Request", "result":"", "context":Item count: 1
Contributing types: Sessions}
{"logTime": "1106/182518", "correlationVector":"yMHnGwJRl8bOtNRONg5MfK.1","action":"SyncServerConnectionManagerRequest", "result":"SYNC_SERVER_OK", "context":{"environment":"Prod_SoutheastAsia_000j", "migrationStage":"NotStarted", "server":"GENERAL0100000W"}}
{"logTime": "1106/182518", "correlationVector":"yMHnGwJRl8bOtNRONg5MfK.2","action":"Commit Response", "result":"SYNCER_OK", "context":Result: SYNCER_OK. cV=yMHnGwJRl8bOtNRONg5MfK.0;server=GENERAL0100000W;cloudType=Consumer;environment=Prod_SoutheastAsia_000j;migrationStage=NotStarted}
{"logTime": "1106/182554", "correlationVector":"5DJfe6nYyBISc3/Ps+r2EH","action":"Commit Request", "result":"", "context":Item count: 1
Contributing types: Sessions}
{"logTime": "1106/182555", "correlationVector":"5DJfe6nYyBISc3/Ps+r2EH.1","action":"SyncServerConnectionManagerRequest", "result":"SYNC_SERVER_OK", "context":{"environment":"Prod_SoutheastAsia_000j", "migrationStage":"NotStarted", "server":"GENERAL0100000V"}}
{"logTime": "1106/182555", "correlationVector":"5DJfe6nYyBISc3/Ps+r2EH.2","action":"Commit Response", "result":"SYNCER_OK", "context":Result: SYNCER_OK. cV=5DJfe6nYyBISc3/Ps+r2EH.0;server=GENERAL0100000V;cloudType=Consumer;environment=Prod_SoutheastAsia_000j;migrationStage=NotStarted}
{"logTime": "1106/182811", "correlationVector":"9ntzOrXC7EqjUVdJxAjlMO","action":"Commit Request", "result":"", "context":Item count: 1
Contributing types: Sessions}
{"logTime": "1106/182812", "correlationVector":"9ntzOrXC7EqjUVdJxAjlMO.1","action":"SyncServerConnectionManagerRequest", "result":"SYNC_SERVER_OK", "context":{"environment":"Prod_SoutheastAsia_000j", "migrationStage":"NotStarted", "server":"GENERAL0100001F"}}
{"logTime": "1106/182812", "correlationVector":"9ntzOrXC7EqjUVdJxAjlMO.2","action":"Commit Response", "result":"SYNCER_OK", "context":Result: SYNCER_OK. cV=9ntzOrXC7EqjUVdJxAjlMO.0;server=GENERAL0100001F;cloudType=Consumer;environment=Prod_SoutheastAsia_000j;migrationStage=NotStarted}
{"logTime": "1106/183039", "correlationVector":"B9wIr9YY9LVGRNRS78IRtB","action":"Commit Request", "result":"", "context":Item count: 1
Contributing types: Sessions}
{"logTime": "1106/183040", "correlationVector":"B9wIr9YY9LVGRNRS78IRtB.1","action":"SyncServerConnectionManagerRequest", "result":"SYNC_SERVER_OK", "context":{"environment":"Prod_SoutheastAsia_000j", "migrationStage":"NotStarted", "server":"GENERAL0100001I"}}
{"logTime": "1106/183040", "correlationVector":"B9wIr9YY9LVGRNRS78IRtB.2","action":"Commit Response", "result":"SYNCER_OK", "context":Result: SYNCER_OK. cV=B9wIr9YY9LVGRNRS78IRtB.0;server=GENERAL0100001I;cloudType=Consumer;environment=Prod_SoutheastAsia_000j;migrationStage=NotStarted}
{"logTime": "1106/183154", "correlationVector":"kAwpTZCTGBDE3knpJp69Mz","action":"Commit Request", "result":"", "context":Item count: 1
Contributing types: Sessions}
{"logTime": "1106/183155", "correlationVector":"kAwpTZCTGBDE3knpJp69Mz.1","action":"SyncServerConnectionManagerRequest", "result":"SYNC_SERVER_OK", "context":{"environment":"Prod_EastAsia_000d", "migrationStage":"NotStarted", "server":"GENERAL01000022"}}
{"logTime": "1106/183155", "correlationVector":"kAwpTZCTGBDE3knpJp69Mz.2","action":"Commit Response", "result":"SYNCER_OK", "context":Result: SYNCER_OK. cV=kAwpTZCTGBDE3knpJp69Mz.0;server=GENERAL01000022;cloudType=Consumer;environment=Prod_EastAsia_000d;migrationStage=NotStarted}
{"logTime": "1106/183235", "correlationVector":"RsvtJ4Py8YdXnEwv7rOuo7","action":"Commit Request", "result":"", "context":Item count: 1
Contributing types: Sessions}
{"logTime": "1106/183236", "correlationVector":"RsvtJ4Py8YdXnEwv7rOuo7.1","action":"SyncServerConnectionManagerRequest", "result":"SYNC_SERVER_OK", "context":{"environment":"Prod_SoutheastAsia_000j", "migrationStage":"NotStarted", "server":"GENERAL01000002"}}
{"logTime": "1106/183236", "correlationVector":"RsvtJ4Py8YdXnEwv7rOuo7.2","action":"Commit Response", "result":"SYNCER_OK", "context":Result: SYNCER_OK. cV=RsvtJ4Py8YdXnEwv7rOuo7.0;server=GENERAL01000002;cloudType=Consumer;environment=Prod_SoutheastAsia_000j;migrationStage=NotStarted}
{"logTime": "1106/183404", "correlationVector":"M657LYvk2T6j++rBLEed3/","action":"Commit Request", "result":"", "context":Item count: 1
Contributing types: Sessions}
{"logTime": "1106/183405", "correlationVector":"M657LYvk2T6j++rBLEed3/.1","action":"SyncServerConnectionManagerRequest", "result":"SYNC_SERVER_OK", "context":{"environment":"Prod_SoutheastAsia_000j", "migrationStage":"NotStarted", "server":"GENERAL01000001"}}
{"logTime": "1106/183405", "correlationVector":"M657LYvk2T6j++rBLEed3/.2","action":"Commit Response", "result":"SYNCER_OK", "context":Result: SYNCER_OK. cV=M657LYvk2T6j++rBLEed3/.0;server=GENERAL01000001;cloudType=Consumer;environment=Prod_SoutheastAsia_000j;migrationStage=NotStarted}
{"logTime": "1106/183531", "correlationVector":"QZI6RWctR7GdPVrXbseA/g","action":"Commit Request", "result":"", "context":Item count: 1
Contributing types: Sessions}
{"logTime": "1106/183532", "correlationVector":"QZI6RWctR7GdPVrXbseA/g.1","action":"SyncServerConnectionManagerRequest", "result":"SYNC_SERVER_OK", "context":{"environment":"Prod_SoutheastAsia_000j", "migrationStage":"NotStarted", "server":"GENERAL0100000V"}}
{"logTime": "1106/183532", "correlationVector":"QZI6RWctR7GdPVrXbseA/g.2","action":"Commit Response", "result":"SYNCER_OK", "context":Result: SYNCER_OK. cV=QZI6RWctR7GdPVrXbseA/g.0;server=GENERAL0100000V;cloudType=Consumer;environment=Prod_SoutheastAsia_000j;migrationStage=NotStarted}
{"logTime": "1106/183635", "correlationVector":"ocu64GH6qDMNHBkKz2dIYG","action":"Commit Request", "result":"", "context":Item count: 1
Contributing types: Sessions}
{"logTime": "1106/183636", "correlationVector":"ocu64GH6qDMNHBkKz2dIYG.1","action":"SyncServerConnectionManagerRequest", "result":"SYNC_SERVER_OK", "context":{"environment":"Prod_SoutheastAsia_000j", "migrationStage":"NotStarted", "server":"GENERAL01000004"}}
{"logTime": "1106/183636", "correlationVector":"ocu64GH6qDMNHBkKz2dIYG.2","action":"Commit Response", "result":"SYNCER_OK", "context":Result: SYNCER_OK. cV=ocu64GH6qDMNHBkKz2dIYG.0;server=GENERAL01000004;cloudType=Consumer;environment=Prod_SoutheastAsia_000j;migrationStage=NotStarted}
{"logTime": "1106/183730", "correlationVector":"qNTj8DSGPmKcVsyujpIX86","action":"Commit Request", "result":"", "context":Item count: 1
Contributing types: Sessions}
{"logTime": "1106/183730", "correlationVector":"qNTj8DSGPmKcVsyujpIX86.1","action":"SyncServerConnectionManagerRequest", "result":"SYNC_SERVER_OK", "context":{"environment":"Prod_SoutheastAsia_000j", "migrationStage":"NotStarted", "server":"GENERAL0100000P"}}
{"logTime": "1106/183730", "correlationVector":"qNTj8DSGPmKcVsyujpIX86.2","action":"Commit Response", "result":"SYNCER_OK", "context":Result: SYNCER_OK. cV=qNTj8DSGPmKcVsyujpIX86.0;server=GENERAL0100000P;cloudType=Consumer;environment=Prod_SoutheastAsia_000j;migrationStage=NotStarted}
{"logTime": "1106/183819", "correlationVector":"t39emqMDNehAD4jKSnONly","action":"Commit Request", "result":"", "context":Item count: 1
Contributing types: Sessions}
{"logTime": "1106/183819", "correlationVector":"t39emqMDNehAD4jKSnONly.1","action":"SyncServerConnectionManagerRequest", "result":"SYNC_SERVER_OK", "context":{"environment":"Prod_SoutheastAsia_000j", "migrationStage":"NotStarted", "server":"GENERAL0100000J"}}
{"logTime": "1106/183819", "correlationVector":"t39emqMDNehAD4jKSnONly.2","action":"Commit Response", "result":"SYNCER_OK", "context":Result: SYNCER_OK. cV=t39emqMDNehAD4jKSnONly.0;server=GENERAL0100000J;cloudType=Consumer;environment=Prod_SoutheastAsia_000j;migrationStage=NotStarted}
{"logTime": "1106/184025", "correlationVector":"ciI1460bi6B35ovVFF0Izg","action":"Commit Request", "result":"", "context":Item count: 1
Contributing types: Sessions}
{"logTime": "1106/184026", "correlationVector":"ciI1460bi6B35ovVFF0Izg.1","action":"SyncServerConnectionManagerRequest", "result":"SYNC_SERVER_OK", "context":{"environment":"Prod_SoutheastAsia_000j", "migrationStage":"NotStarted", "server":"GENERAL0100000B"}}
{"logTime": "1106/184026", "correlationVector":"ciI1460bi6B35ovVFF0Izg.2","action":"Commit Response", "result":"SYNCER_OK", "context":Result: SYNCER_OK. cV=ciI1460bi6B35ovVFF0Izg.0;server=GENERAL0100000B;cloudType=Consumer;environment=Prod_SoutheastAsia_000j;migrationStage=NotStarted}
{"logTime": "1106/184826", "correlationVector":"HLfsPtLkqzDkgWkd/56wfe","action":"Commit Request", "result":"", "context":Item count: 1
Contributing types: Sessions}
{"logTime": "1106/184827", "correlationVector":"HLfsPtLkqzDkgWkd/56wfe.1","action":"SyncServerConnectionManagerRequest", "result":"SYNC_SERVER_OK", "context":{"environment":"Prod_SoutheastAsia_000j", "migrationStage":"NotStarted", "server":"GENERAL01000005"}}
{"logTime": "1106/184827", "correlationVector":"HLfsPtLkqzDkgWkd/56wfe.2","action":"Commit Response", "result":"SYNCER_OK", "context":Result: SYNCER_OK. cV=HLfsPtLkqzDkgWkd/56wfe.0;server=GENERAL01000005;cloudType=Consumer;environment=Prod_SoutheastAsia_000j;migrationStage=NotStarted}
{"logTime": "1106/184953", "correlationVector":"2Po4VrC6/M3hKIDR0/pIyN","action":"Commit Request", "result":"", "context":Item count: 1
Contributing types: Sessions}
{"logTime": "1106/184954", "correlationVector":"2Po4VrC6/M3hKIDR0/pIyN.1","action":"SyncServerConnectionManagerRequest", "result":"SYNC_SERVER_OK", "context":{"environment":"Prod_SoutheastAsia_000j", "migrationStage":"NotStarted", "server":"GENERAL01000012"}}
{"logTime": "1106/184954", "correlationVector":"2Po4VrC6/M3hKIDR0/pIyN.2","action":"Commit Response", "result":"SYNCER_OK", "context":Result: SYNCER_OK. cV=2Po4VrC6/M3hKIDR0/pIyN.0;server=GENERAL01000012;cloudType=Consumer;environment=Prod_SoutheastAsia_000j;migrationStage=NotStarted}
{"logTime": "1106/185112", "correlationVector":"zwgMNRSJ/HvqD/O6TdnVY2","action":"Commit Request", "result":"", "context":Item count: 1
Contributing types: Sessions}
{"logTime": "1106/185113", "correlationVector":"zwgMNRSJ/HvqD/O6TdnVY2.1","action":"SyncServerConnectionManagerRequest", "result":"SYNC_SERVER_OK", "context":{"environment":"Prod_EastAsia_000d", "migrationStage":"NotStarted", "server":"GENERAL0100000K"}}
{"logTime": "1106/185113", "correlationVector":"zwgMNRSJ/HvqD/O6TdnVY2.2","action":"Commit Response", "result":"SYNCER_OK", "context":Result: SYNCER_OK. cV=zwgMNRSJ/HvqD/O6TdnVY2.0;server=GENERAL0100000K;cloudType=Consumer;environment=Prod_EastAsia_000d;migrationStage=NotStarted}
{"logTime": "1106/185200", "correlationVector":"7mK5QftWk15+1f9aTmPRp9","action":"Commit Request", "result":"", "context":Item count: 1
Contributing types: Sessions}
{"logTime": "1106/185201", "correlationVector":"7mK5QftWk15+1f9aTmPRp9.1","action":"SyncServerConnectionManagerRequest", "result":"SYNC_SERVER_OK", "context":{"environment":"Prod_SoutheastAsia_000j", "migrationStage":"NotStarted", "server":"GENERAL0100000J"}}
{"logTime": "1106/185201", "correlationVector":"7mK5QftWk15+1f9aTmPRp9.2","action":"Commit Response", "result":"SYNCER_OK", "context":Result: SYNCER_OK. cV=7mK5QftWk15+1f9aTmPRp9.0;server=GENERAL0100000J;cloudType=Consumer;environment=Prod_SoutheastAsia_000j;migrationStage=NotStarted}
{"logTime": "1106/185238", "correlationVector":"fOuwxejvKV8rMVUQ1f+Ml9","action":"Commit Request", "result":"", "context":Item count: 1
Contributing types: Sessions}
{"logTime": "1106/185239", "correlationVector":"fOuwxejvKV8rMVUQ1f+Ml9.1","action":"SyncServerConnectionManagerRequest", "result":"SYNC_SERVER_OK", "context":{"environment":"Prod_SoutheastAsia_000j", "migrationStage":"NotStarted", "server":"GENERAL0100001H"}}
{"logTime": "1106/185239", "correlationVector":"fOuwxejvKV8rMVUQ1f+Ml9.2","action":"Commit Response", "result":"SYNCER_OK", "context":Result: SYNCER_OK. cV=fOuwxejvKV8rMVUQ1f+Ml9.0;server=GENERAL0100001H;cloudType=Consumer;environment=Prod_SoutheastAsia_000j;migrationStage=NotStarted}
{"logTime": "1106/185448", "correlationVector":"UucQ2p8L8OpIju8/sQzgZt","action":"Normal GetUpdate request", "result":"", "context":cV=UucQ2p8L8OpIju8/sQzgZt
Nudged types: Sessions
Notified types: Autofill}
{"logTime": "1106/185449", "correlationVector":"UucQ2p8L8OpIju8/sQzgZt.1","action":"SyncServerConnectionManagerRequest", "result":"SYNC_SERVER_OK", "context":{"environment":"Prod_SoutheastAsia_000j", "migrationStage":"NotStarted", "server":"GENERAL01000017"}}
{"logTime": "1106/185449", "correlationVector":"UucQ2p8L8OpIju8/sQzgZt.2","action":"GetUpdates", "result":"DeleteReceived", "context":{"id":"727b3fa1-a1ec-46a9-9fc4-cd0c5fccd9aa", "isDeleted:":"true", "version":"1699294871489"}}
{"logTime": "1106/185449", "correlationVector":"UucQ2p8L8OpIju8/sQzgZt.3","action":"GetUpdates", "result":"DeleteReceived", "context":{"id":"67fa9cdf-9047-4fa0-a05e-271ad2c06ae6", "isDeleted:":"true", "version":"1699295158095"}}
{"logTime": "1106/185449", "correlationVector":"UucQ2p8L8OpIju8/sQzgZt.4","action":"GetUpdates", "result":"DeleteReceived", "context":{"id":"57e0dfdd-4e52-4af4-9988-7f8ee8f21379", "isDeleted:":"true", "version":"1699295296037"}}
{"logTime": "1106/185449", "correlationVector":"UucQ2p8L8OpIju8/sQzgZt.5","action":"GetUpdates", "result":"DeleteReceived", "context":{"id":"85d86ae1-3dfe-4194-8d91-f39593e70956", "isDeleted:":"true", "version":"1699295443403"}}
{"logTime": "1106/185449", "correlationVector":"UucQ2p8L8OpIju8/sQzgZt.6","action":"GetUpdates", "result":"DeleteReceived", "context":{"id":"2edb32b3-450f-4be9-a9c1-59f848588b65", "isDeleted:":"true", "version":"1699295519020"}}
{"logTime": "1106/185449", "correlationVector":"UucQ2p8L8OpIju8/sQzgZt.7","action":"GetUpdates", "result":"DeleteReceived", "context":{"id":"e662d9db-5702-4753-9749-cd09a4319ba0", "isDeleted:":"true", "version":"1699295559222"}}
{"logTime": "1106/185449", "correlationVector":"UucQ2p8L8OpIju8/sQzgZt.8","action":"GetUpdates", "result":"DeleteReceived", "context":{"id":"325f4776-8099-41a6-b1e5-4bca5d0210a2", "isDeleted:":"true", "version":"1699295648629"}}
{"logTime": "1106/185449", "correlationVector":"UucQ2p8L8OpIju8/sQzgZt.9","action":"GetUpdates", "result":"DeleteReceived", "context":{"id":"15f4787e-17eb-4633-a5b5-499a3c8c71e8", "isDeleted:":"true", "version":"1699295735750"}}
{"logTime": "1106/185449", "correlationVector":"UucQ2p8L8OpIju8/sQzgZt.10","action":"GetUpdates", "result":"DeleteReceived", "context":{"id":"b50c7b54-7a2d-444b-b8cc-7cf2f81101c6", "isDeleted:":"true", "version":"1699295799139"}}
{"logTime": "1106/185449", "correlationVector":"UucQ2p8L8OpIju8/sQzgZt.11","action":"GetUpdates", "result":"DeleteReceived", "context":{"id":"17d08d53-44bd-47c8-b8f0-eb54e0f0ac0e", "isDeleted:":"true", "version":"1699295853644"}}
{"logTime": "1106/185449", "correlationVector":"UucQ2p8L8OpIju8/sQzgZt.12","action":"GetUpdates", "result":"DeleteReceived", "context":{"id":"35b4ccb4-3f7c-481d-81d5-f0ef99124213", "isDeleted:":"true", "version":"1699295902658"}}
{"logTime": "1106/185449", "correlationVector":"UucQ2p8L8OpIju8/sQzgZt.13","action":"GetUpdates", "result":"DeleteReceived", "context":{"id":"a96742e7-0933-4674-9180-4f10631ca492", "isDeleted:":"true", "version":"1699296051376"}}
{"logTime": "1106/185449", "correlationVector":"UucQ2p8L8OpIju8/sQzgZt.14","action":"GetUpdates", "result":"DeleteReceived", "context":{"id":"2f264226-cbfb-4807-a319-38261b3c7550", "isDeleted:":"true", "version":"1699296510041"}}
{"logTime": "1106/185449", "correlationVector":"UucQ2p8L8OpIju8/sQzgZt.15","action":"GetUpdates", "result":"DeleteReceived", "context":{"id":"8712e9de-f538-4a58-8fe5-5290c5927e90", "isDeleted:":"true", "version":"1699296585547"}}
{"logTime": "1106/185449", "correlationVector":"UucQ2p8L8OpIju8/sQzgZt.16","action":"GetUpdates", "result":"DeleteReceived", "context":{"id":"25465915-dd31-4129-8661-5ad293e9b275", "isDeleted:":"true", "version":"1699296676258"}}
{"logTime": "1106/185449", "correlationVector":"UucQ2p8L8OpIju8/sQzgZt.17","action":"GetUpdates", "result":"DeleteReceived", "context":{"id":"00bb19b9-b4a5-4bfe-9911-d32c0af8b141", "isDeleted:":"true", "version":"1699296724586"}}
{"logTime": "1106/185449", "correlationVector":"UucQ2p8L8OpIju8/sQzgZt.18","action":"GetUpdates", "result":"DeleteReceived", "context":{"id":"e66a6be0-68d6-42f2-83f5-5dea5ac1cd45", "isDeleted:":"true", "version":"1699296762111"}}
{"logTime": "1106/185449", "correlationVector":"UucQ2p8L8OpIju8/sQzgZt.19","action":"GetUpdates", "result":"DeleteReceived", "context":{"id":"4379ba14-46eb-4fbd-983b-611ca25c7435", "isDeleted:":"true", "version":"1699296887766"}}
{"logTime": "1106/185449", "correlationVector":"UucQ2p8L8OpIju8/sQzgZt.20","action":"GetUpdates Response", "result":"SYNCER_OK", "context":Received 25 update(s). cV=UucQ2p8L8OpIju8/sQzgZt.0;server=GENERAL01000017;cloudType=Consumer;environment=Prod_SoutheastAsia_000j;migrationStage=NotStarted}
{"logTime": "1106/185449", "correlationVector":"iZwsT5a5q+BI619qJ8KEKJ","action":"Commit Request", "result":"", "context":Item count: 2
Contributing types: Autofill, Sessions}
{"logTime": "1106/185450", "correlationVector":"iZwsT5a5q+BI619qJ8KEKJ.1","action":"SyncServerConnectionManagerRequest", "result":"SYNC_SERVER_OK", "context":{"environment":"Prod_SoutheastAsia_000j", "migrationStage":"NotStarted", "server":"GENERAL01000019"}}
{"logTime": "1106/185450", "correlationVector":"iZwsT5a5q+BI619qJ8KEKJ.2","action":"Commit Response", "result":"SYNCER_OK", "context":Result: SYNCER_OK. cV=iZwsT5a5q+BI619qJ8KEKJ.0;server=GENERAL01000019;cloudType=Consumer;environment=Prod_SoutheastAsia_000j;migrationStage=NotStarted}
{"logTime": "1106/185454", "correlationVector":"nOhq4p3WdUO0KzCZ00i8PT","action":"Normal GetUpdate request", "result":"", "context":cV=nOhq4p3WdUO0KzCZ00i8PT
Notified types: Autofill}
{"logTime": "1106/185454", "correlationVector":"nOhq4p3WdUO0KzCZ00i8PT.1","action":"SyncServerConnectionManagerRequest", "result":"SYNC_SERVER_OK", "context":{"environment":"Prod_SoutheastAsia_000j", "migrationStage":"NotStarted", "server":"GENERAL0100001C"}}
{"logTime": "1106/185454", "correlationVector":"nOhq4p3WdUO0KzCZ00i8PT.2","action":"GetUpdates Response", "result":"SYNCER_OK", "context":Received 3 update(s). cV=nOhq4p3WdUO0KzCZ00i8PT.0;server=GENERAL0100001C;cloudType=Consumer;environment=Prod_SoutheastAsia_000j;migrationStage=NotStarted}
{"logTime": "1106/185621", "correlationVector":"yAHu5Qx6OGd0t0aIhdnIgk","action":"Commit Request", "result":"", "context":Item count: 1
Contributing types: Sessions}
{"logTime": "1106/185622", "correlationVector":"yAHu5Qx6OGd0t0aIhdnIgk.1","action":"SyncServerConnectionManagerRequest", "result":"SYNC_SERVER_OK", "context":{"environment":"Prod_SoutheastAsia_000j", "migrationStage":"NotStarted", "server":"GENERAL01000007"}}
{"logTime": "1106/185622", "correlationVector":"yAHu5Qx6OGd0t0aIhdnIgk.2","action":"Commit Response", "result":"SYNCER_OK", "context":Result: SYNCER_OK. cV=yAHu5Qx6OGd0t0aIhdnIgk.0;server=GENERAL01000007;cloudType=Consumer;environment=Prod_SoutheastAsia_000j;migrationStage=NotStarted}
{"logTime": "1106/185842", "correlationVector":"Pi8mmbFXYwZwFeYA6VbWqr","action":"Commit Request", "result":"", "context":Item count: 1
Contributing types: Sessions}
{"logTime": "1106/185844", "correlationVector":"Pi8mmbFXYwZwFeYA6VbWqr.1","action":"SyncServerConnectionManagerRequest", "result":"SYNC_SERVER_OK", "context":{"environment":"Prod_SoutheastAsia_000j", "migrationStage":"NotStarted", "server":"GENERAL0100001H"}}
{"logTime": "1106/185844", "correlationVector":"Pi8mmbFXYwZwFeYA6VbWqr.2","action":"Commit Response", "result":"SYNCER_OK", "context":Result: SYNCER_OK. cV=Pi8mmbFXYwZwFeYA6VbWqr.0;server=GENERAL0100001H;cloudType=Consumer;environment=Prod_SoutheastAsia_000j;migrationStage=NotStarted}
{"logTime": "1106/191136", "correlationVector":"CnmEOpRWKitGvKuXskKa/o","action":"Commit Request", "result":"", "context":Item count: 1
Contributing types: Sessions}
{"logTime": "1106/191138", "correlationVector":"CnmEOpRWKitGvKuXskKa/o.1","action":"SyncServerConnectionManagerRequest", "result":"SYNC_SERVER_OK", "context":{"environment":"Prod_SoutheastAsia_000j", "migrationStage":"NotStarted", "server":"GENERAL0100001L"}}
{"logTime": "1106/191138", "correlationVector":"CnmEOpRWKitGvKuXskKa/o.2","action":"Commit Response", "result":"SYNCER_OK", "context":Result: SYNCER_OK. cV=CnmEOpRWKitGvKuXskKa/o.0;server=GENERAL0100001L;cloudType=Consumer;environment=Prod_SoutheastAsia_000j;migrationStage=NotStarted}
{"logTime": "1106/191138", "correlationVector":"s/oqBM8OQN7g7/LFU8tskA","action":"Poll GetUpdate request", "result":"", "context":cV=s/oqBM8OQN7g7/LFU8tskA}
{"logTime": "1106/191138", "correlationVector":"s/oqBM8OQN7g7/LFU8tskA.1","action":"SyncServerConnectionManagerRequest", "result":"SYNC_SERVER_OK", "context":{"environment":"Prod_SoutheastAsia_000j", "migrationStage":"NotStarted", "server":"GENERAL0100000D"}}
{"logTime": "1106/191138", "correlationVector":"s/oqBM8OQN7g7/LFU8tskA.2","action":"GetUpdates", "result":"DeleteReceived", "context":{"id":"e2b4401d-47d0-401d-bc8c-d2db688c1d18", "isDeleted:":"true", "version":"1699296982030"}}
{"logTime": "1106/191138", "correlationVector":"s/oqBM8OQN7g7/LFU8tskA.3","action":"GetUpdates", "result":"DeleteReceived", "context":{"id":"155c1f4f-3a7c-44fb-949f-839337da4d03", "isDeleted:":"true", "version":"1699296985451"}}
{"logTime": "1106/191138", "correlationVector":"s/oqBM8OQN7g7/LFU8tskA.4","action":"GetUpdates", "result":"DeleteReceived", "context":{"id":"152bac6e-9880-4181-9858-807fe0d92f3a", "isDeleted:":"true", "version":"1699297127179"}}
{"logTime": "1106/191138", "correlationVector":"s/oqBM8OQN7g7/LFU8tskA.5","action":"GetUpdates Response", "result":"SYNCER_OK", "context":Received 7 update(s). cV=s/oqBM8OQN7g7/LFU8tskA.0;server=GENERAL0100000D;cloudType=Consumer;environment=Prod_SoutheastAsia_000j;migrationStage=NotStarted}
{"logTime": "1106/191347", "correlationVector":"PHb+b/m98PQVO7KWUbuxDF","action":"Commit Request", "result":"", "context":Item count: 1
Contributing types: Sessions}
{"logTime": "1106/191348", "correlationVector":"PHb+b/m98PQVO7KWUbuxDF.1","action":"SyncServerConnectionManagerRequest", "result":"SYNC_SERVER_OK", "context":{"environment":"Prod_SoutheastAsia_000j", "migrationStage":"NotStarted", "server":"GENERAL01000007"}}
{"logTime": "1106/191348", "correlationVector":"PHb+b/m98PQVO7KWUbuxDF.2","action":"Commit Response", "result":"SYNCER_OK", "context":Result: SYNCER_OK. cV=PHb+b/m98PQVO7KWUbuxDF.0;server=GENERAL01000007;cloudType=Consumer;environment=Prod_SoutheastAsia_000j;migrationStage=NotStarted}
{"logTime": "1106/191427", "correlationVector":"Uslk01WbCNE4phO2S46C3c","action":"Commit Request", "result":"", "context":Item count: 1
Contributing types: Sessions}
{"logTime": "1106/191427", "correlationVector":"Uslk01WbCNE4phO2S46C3c.1","action":"SyncServerConnectionManagerRequest", "result":"SYNC_SERVER_OK", "context":{"environment":"Prod_SoutheastAsia_000j", "migrationStage":"NotStarted", "server":"GENERAL0100001J"}}
{"logTime": "1106/191427", "correlationVector":"Uslk01WbCNE4phO2S46C3c.2","action":"Commit Response", "result":"SYNCER_OK", "context":Result: SYNCER_OK. cV=Uslk01WbCNE4phO2S46C3c.0;server=GENERAL0100001J;cloudType=Consumer;environment=Prod_SoutheastAsia_000j;migrationStage=NotStarted}
{"logTime": "1106/191557", "correlationVector":"ukC1fbsJGhGJpI5DpaT7Gp","action":"Commit Request", "result":"", "context":Item count: 1
Contributing types: Sessions}
{"logTime": "1106/191558", "correlationVector":"ukC1fbsJGhGJpI5DpaT7Gp.1","action":"SyncServerConnectionManagerRequest", "result":"SYNC_SERVER_OK", "context":{"environment":"Prod_SoutheastAsia_000j", "migrationStage":"NotStarted", "server":"GENERAL01000002"}}
{"logTime": "1106/191558", "correlationVector":"ukC1fbsJGhGJpI5DpaT7Gp.2","action":"Commit Response", "result":"SYNCER_OK", "context":Result: SYNCER_OK. cV=ukC1fbsJGhGJpI5DpaT7Gp.0;server=GENERAL01000002;cloudType=Consumer;environment=Prod_SoutheastAsia_000j;migrationStage=NotStarted}
{"logTime": "1106/191752", "correlationVector":"NigTNkVaFVtGcJV/eXNhhQ","action":"Commit Request", "result":"", "context":Item count: 1
Contributing types: Sessions}
{"logTime": "1106/191753", "correlationVector":"NigTNkVaFVtGcJV/eXNhhQ.1","action":"SyncServerConnectionManagerRequest", "result":"SYNC_SERVER_OK", "context":{"environment":"Prod_SoutheastAsia_000j", "migrationStage":"NotStarted", "server":"GENERAL01000003"}}
{"logTime": "1106/191753", "correlationVector":"NigTNkVaFVtGcJV/eXNhhQ.2","action":"Commit Response", "result":"SYNCER_OK", "context":Result: SYNCER_OK. cV=NigTNkVaFVtGcJV/eXNhhQ.0;server=GENERAL01000003;cloudType=Consumer;environment=Prod_SoutheastAsia_000j;migrationStage=NotStarted}
{"logTime": "1106/191905", "correlationVector":"iibXdtUNrewTv5Z349GH3n","action":"Commit Request", "result":"", "context":Item count: 1
Contributing types: Sessions}
{"logTime": "1106/191906", "correlationVector":"iibXdtUNrewTv5Z349GH3n.1","action":"SyncServerConnectionManagerRequest", "result":"SYNC_SERVER_OK", "context":{"environment":"Prod_SoutheastAsia_000j", "migrationStage":"NotStarted", "server":"GENERAL0100000K"}}
{"logTime": "1106/191906", "correlationVector":"iibXdtUNrewTv5Z349GH3n.2","action":"Commit Response", "result":"SYNCER_OK", "context":Result: SYNCER_OK. cV=iibXdtUNrewTv5Z349GH3n.0;server=GENERAL0100000K;cloudType=Consumer;environment=Prod_SoutheastAsia_000j;migrationStage=NotStarted}
{"logTime": "1106/192026", "correlationVector":"do644XS32e3ChYikEFQDfR","action":"Commit Request", "result":"", "context":Item count: 1
Contributing types: Sessions}
{"logTime": "1106/192028", "correlationVector":"do644XS32e3ChYikEFQDfR.1","action":"SyncServerConnectionManagerRequest", "result":"SYNC_SERVER_OK", "context":{"environment":"Prod_SoutheastAsia_000j", "migrationStage":"NotStarted", "server":"GENERAL0100000G"}}
{"logTime": "1106/192028", "correlationVector":"do644XS32e3ChYikEFQDfR.2","action":"Commit Response", "result":"SYNCER_OK", "context":Result: SYNCER_OK. cV=do644XS32e3ChYikEFQDfR.0;server=GENERAL0100000G;cloudType=Consumer;environment=Prod_SoutheastAsia_000j;migrationStage=NotStarted}
{"logTime": "1106/192146", "correlationVector":"0zFU//MKYe/VMOvrQCHURT","action":"Commit Request", "result":"", "context":Item count: 1
Contributing types: Sessions}
{"logTime": "1106/192147", "correlationVector":"0zFU//MKYe/VMOvrQCHURT.1","action":"SyncServerConnectionManagerRequest", "result":"SYNC_SERVER_OK", "context":{"environment":"Prod_SoutheastAsia_000j", "migrationStage":"NotStarted", "server":"GENERAL0100000A"}}
{"logTime": "1106/192147", "correlationVector":"0zFU//MKYe/VMOvrQCHURT.2","action":"Commit Response", "result":"SYNCER_OK", "context":Result: SYNCER_OK. cV=0zFU//MKYe/VMOvrQCHURT.0;server=GENERAL0100000A;cloudType=Consumer;environment=Prod_SoutheastAsia_000j;migrationStage=NotStarted}
{"logTime": "1106/192252", "correlationVector":"aTSFvm6bd+1Jq39l/qxgNJ","action":"Commit Request", "result":"", "context":Item count: 1
Contributing types: Sessions}
{"logTime": "1106/192253", "correlationVector":"aTSFvm6bd+1Jq39l/qxgNJ.1","action":"SyncServerConnectionManagerRequest", "result":"SYNC_SERVER_OK", "context":{"environment":"Prod_SoutheastAsia_000j", "migrationStage":"NotStarted", "server":"GENERAL0100001D"}}
{"logTime": "1106/192253", "correlationVector":"aTSFvm6bd+1Jq39l/qxgNJ.2","action":"Commit Response", "result":"SYNCER_OK", "context":Result: SYNCER_OK. cV=aTSFvm6bd+1Jq39l/qxgNJ.0;server=GENERAL0100001D;cloudType=Consumer;environment=Prod_SoutheastAsia_000j;migrationStage=NotStarted}
